VirtualBox VM 5.1.14 r112924 win.amd64 (Jan 16 2017 16:36:58) release log
00:00:00.813388 Log opened 2017-03-23T11:58:53.136180700Z
00:00:00.813390 Build Type: release
00:00:00.813394 OS Product: Windows 8.1
00:00:00.813397 OS Release: 6.3.9600
00:00:00.813398 OS Service Pack: 
00:00:00.937998 DMI Product Name: Aspire V5-471P
00:00:00.943103 DMI Product Version: V2.13
00:00:00.943117 Host RAM: 3889MB (3.7GB) total, 2287MB (2.2GB) available
00:00:00.943123 Executable: C:\Program Files\Oracle\VirtualBox\VBoxHeadless.exe
00:00:00.943124 Process ID: 22508
00:00:00.943126 Package type: WINDOWS_64BITS_GENERIC
00:00:00.944202 Installed Extension Packs:
00:00:00.944257   None installed!
00:00:00.944960 Console: Machine state changed to 'Starting'
00:00:01.350444 SUP: Loaded VMMR0.r0 (C:\Program Files\Oracle\VirtualBox\VMMR0.r0) at 0xfffff800e2ee7000 - ModuleInit at fffff800e2f0a550 and ModuleTerm at fffff800e2f0aa40 using the native ring-0 loader
00:00:01.350509 SUP: VMMR0EntryEx located at fffff800e2f0d450 and VMMR0EntryFast at fffff800e2f0b170
00:00:01.350521 SUP: windbg> .reload /f C:\Program Files\Oracle\VirtualBox\VMMR0.r0=0xfffff800e2ee7000
00:00:01.354078 Guest OS type: 'Ubuntu_64'
00:00:01.356017 fHMForced=true - Lots of RAM
00:00:01.356043 fHMForced=true - 64-bit guest
00:00:01.359921 File system of 'C:\Users\Aspire\VirtualBox VMs\Vagrantfile_default_1490261898866_61229\Snapshots' (snapshots) is unknown
00:00:01.359946 File system of 'C:\Users\Aspire\VirtualBox VMs\Vagrantfile_default_1490261898866_61229\box-disk1.vmdk' is ntfs
00:00:01.384388 Shared clipboard service loaded
00:00:01.384405 Shared clipboard mode: Off
00:00:01.403762 Drag and drop service loaded
00:00:01.403781 Drag and drop mode: Off
00:00:01.449239 Guest Control service loaded
00:00:02.704997 Per-VM extradata API settings:
00:00:02.705018   VBoxInternal2/SharedFoldersEnableSymlinksCreate/vagrant="1"
00:00:02.705302 ************************* CFGM dump *************************
00:00:02.705304 [/] (level 0)
00:00:02.705309   CSAMEnabled       <integer> = 0x0000000000000001 (1)
00:00:02.705313   CpuExecutionCap   <integer> = 0x0000000000000064 (100)
00:00:02.705315   EnablePAE         <integer> = 0x0000000000000000 (0)
00:00:02.705317   HMEnabled         <integer> = 0x0000000000000001 (1)
00:00:02.705319   MemBalloonSize    <integer> = 0x0000000000000000 (0)
00:00:02.705321   Name              <string>  = "Vagrantfile_default_1490261898866_61229" (cb=40)
00:00:02.705324   NumCPUs           <integer> = 0x0000000000000001 (1)
00:00:02.705326   PATMEnabled       <integer> = 0x0000000000000001 (1)
00:00:02.705328   PageFusionAllowed <integer> = 0x0000000000000000 (0)
00:00:02.705330   RamHoleSize       <integer> = 0x0000000020000000 (536 870 912, 512 MB)
00:00:02.705333   RamSize           <integer> = 0x0000000200000000 (8 589 934 592, 8 192 MB, 8 GB)
00:00:02.705338   RawR0Enabled      <integer> = 0x0000000000000001 (1)
00:00:02.705340   RawR3Enabled      <integer> = 0x0000000000000001 (1)
00:00:02.705342   TimerMillies      <integer> = 0x000000000000000a (10)
00:00:02.705343   UUID              <bytes>   = "91 17 ec 53 c8 58 bb 47 a0 8b d8 bb f9 6a 85 0c" (cb=16)
00:00:02.705350 
00:00:02.705351 [/CPUM/] (level 1)
00:00:02.705353   GuestCpuName       <string>  = "host" (cb=5)
00:00:02.705355   PortableCpuIdLevel <integer> = 0x0000000000000000 (0)
00:00:02.705357 
00:00:02.705358 [/DBGC/] (level 1)
00:00:02.705360   GlobalInitScript <string>  = "C:\Users\Aspire\.VirtualBox/dbgc-init" (cb=38)
00:00:02.705361   HistoryFile      <string>  = "C:\Users\Aspire\.VirtualBox/dbgc-history" (cb=41)
00:00:02.705363   LocalInitScript  <string>  = "C:\Users\Aspire\VirtualBox VMs\Vagrantfile_default_1490261898866_61229/dbgc-init" (cb=81)
00:00:02.705365 
00:00:02.705366 [/DBGF/] (level 1)
00:00:02.705367   Path <string>  = "C:\Users\Aspire\VirtualBox VMs\Vagrantfile_default_1490261898866_61229/debug/;C:\Users\Aspire\VirtualBox VMs\Vagrantfile_default_1490261898866_61229/;C:\Users\Aspire\" (cb=167)
00:00:02.705369 
00:00:02.705370 [/Devices/] (level 1)
00:00:02.705372 
00:00:02.705373 [/Devices/8237A/] (level 2)
00:00:02.705375 
00:00:02.705375 [/Devices/8237A/0/] (level 3)
00:00:02.705378   Trusted <integer> = 0x0000000000000001 (1)
00:00:02.705379 
00:00:02.705380 [/Devices/VMMDev/] (level 2)
00:00:02.705382 
00:00:02.705383 [/Devices/VMMDev/0/] (level 3)
00:00:02.705385   PCIBusNo      <integer> = 0x0000000000000000 (0)
00:00:02.705387   PCIDeviceNo   <integer> = 0x0000000000000004 (4)
00:00:02.705389   PCIFunctionNo <integer> = 0x0000000000000000 (0)
00:00:02.705391   Trusted       <integer> = 0x0000000000000001 (1)
00:00:02.705392 
00:00:02.705393 [/Devices/VMMDev/0/Config/] (level 4)
00:00:02.705396   GuestCoreDumpDir <string>  = "C:\Users\Aspire\VirtualBox VMs\Vagrantfile_default_1490261898866_61229\Snapshots" (cb=81)
00:00:02.705397   RamSize          <integer> = 0x0000000200000000 (8 589 934 592, 8 192 MB, 8 GB)
00:00:02.705402 
00:00:02.705402 [/Devices/VMMDev/0/LUN#0/] (level 4)
00:00:02.705405   Driver <string>  = "HGCM" (cb=5)
00:00:02.705406 
00:00:02.705407 [/Devices/VMMDev/0/LUN#0/Config/] (level 5)
00:00:02.705410   Object <integer> = 0x0000000001f52370 (32 842 608)
00:00:02.705412 
00:00:02.705413 [/Devices/VMMDev/0/LUN#999/] (level 4)
00:00:02.705415   Driver <string>  = "MainStatus" (cb=11)
00:00:02.705417 
00:00:02.705417 [/Devices/VMMDev/0/LUN#999/Config/] (level 5)
00:00:02.705420   First   <integer> = 0x0000000000000000 (0)
00:00:02.705421   Last    <integer> = 0x0000000000000000 (0)
00:00:02.705423   papLeds <integer> = 0x0000000001f4e1e8 (32 825 832)
00:00:02.705426 
00:00:02.705426 [/Devices/acpi/] (level 2)
00:00:02.705428 
00:00:02.705429 [/Devices/acpi/0/] (level 3)
00:00:02.705431   PCIBusNo      <integer> = 0x0000000000000000 (0)
00:00:02.705433   PCIDeviceNo   <integer> = 0x0000000000000007 (7)
00:00:02.705435   PCIFunctionNo <integer> = 0x0000000000000000 (0)
00:00:02.705437   Trusted       <integer> = 0x0000000000000001 (1)
00:00:02.705438 
00:00:02.705439 [/Devices/acpi/0/Config/] (level 4)
00:00:02.705443   CpuHotPlug          <integer> = 0x0000000000000000 (0)
00:00:02.705444   FdcEnabled          <integer> = 0x0000000000000000 (0)
00:00:02.705446   HostBusPciAddress   <integer> = 0x0000000000000000 (0)
00:00:02.705448   HpetEnabled         <integer> = 0x0000000000000000 (0)
00:00:02.705449   IOAPIC              <integer> = 0x0000000000000001 (1)
00:00:02.705451   IocPciAddress       <integer> = 0x0000000000010000 (65 536)
00:00:02.705454   NumCPUs             <integer> = 0x0000000000000001 (1)
00:00:02.705455   Parallel0IoPortBase <integer> = 0x0000000000000000 (0)
00:00:02.705457   Parallel0Irq        <integer> = 0x0000000000000000 (0)
00:00:02.705459   Parallel1IoPortBase <integer> = 0x0000000000000000 (0)
00:00:02.705461   Parallel1Irq        <integer> = 0x0000000000000000 (0)
00:00:02.705462   RamHoleSize         <integer> = 0x0000000020000000 (536 870 912, 512 MB)
00:00:02.705466   RamSize             <integer> = 0x0000000200000000 (8 589 934 592, 8 192 MB, 8 GB)
00:00:02.705469   Serial0IoPortBase   <integer> = 0x0000000000000000 (0)
00:00:02.705471   Serial0Irq          <integer> = 0x0000000000000000 (0)
00:00:02.705473   Serial1IoPortBase   <integer> = 0x0000000000000000 (0)
00:00:02.705475   Serial1Irq          <integer> = 0x0000000000000000 (0)
00:00:02.705476   ShowCpu             <integer> = 0x0000000000000001 (1)
00:00:02.705478   ShowRtc             <integer> = 0x0000000000000000 (0)
00:00:02.705480   SmcEnabled          <integer> = 0x0000000000000000 (0)
00:00:02.705482 
00:00:02.705482 [/Devices/acpi/0/LUN#0/] (level 4)
00:00:02.705484   Driver <string>  = "ACPIHost" (cb=9)
00:00:02.705486 
00:00:02.705486 [/Devices/acpi/0/LUN#0/Config/] (level 5)
00:00:02.705489 
00:00:02.705490 [/Devices/ahci/] (level 2)
00:00:02.705492 
00:00:02.705492 [/Devices/ahci/0/] (level 3)
00:00:02.705494   PCIBusNo      <integer> = 0x0000000000000000 (0)
00:00:02.705496   PCIDeviceNo   <integer> = 0x000000000000000d (13)
00:00:02.705498   PCIFunctionNo <integer> = 0x0000000000000000 (0)
00:00:02.705501   Trusted       <integer> = 0x0000000000000001 (1)
00:00:02.705504 
00:00:02.705507 [/Devices/ahci/0/Config/] (level 4)
00:00:02.705511   Bootable  <integer> = 0x0000000000000001 (1)
00:00:02.705513   PortCount <integer> = 0x0000000000000001 (1)
00:00:02.705516 
00:00:02.705517 [/Devices/ahci/0/Config/Port0/] (level 5)
00:00:02.705519   Hotpluggable        <integer> = 0x0000000000000001 (1)
00:00:02.705521   NonRotationalMedium <integer> = 0x0000000000000000 (0)
00:00:02.705523 
00:00:02.705523 [/Devices/ahci/0/LUN#0/] (level 4)
00:00:02.705526   Driver <string>  = "VD" (cb=3)
00:00:02.705527 
00:00:02.705528 [/Devices/ahci/0/LUN#0/Config/] (level 5)
00:00:02.705530   Format    <string>  = "VMDK" (cb=5)
00:00:02.705532   Mountable <integer> = 0x0000000000000000 (0)
00:00:02.705533   Path      <string>  = "C:\Users\Aspire\VirtualBox VMs\Vagrantfile_default_1490261898866_61229\box-disk1.vmdk" (cb=86)
00:00:02.705535   Type      <string>  = "HardDisk" (cb=9)
00:00:02.705537 
00:00:02.705537 [/Devices/ahci/0/LUN#999/] (level 4)
00:00:02.705540   Driver <string>  = "MainStatus" (cb=11)
00:00:02.705541 
00:00:02.705542 [/Devices/ahci/0/LUN#999/Config/] (level 5)
00:00:02.705545   DeviceInstance        <string>  = "ahci/0" (cb=7)
00:00:02.705546   First                 <integer> = 0x0000000000000000 (0)
00:00:02.705548   Last                  <integer> = 0x0000000000000000 (0)
00:00:02.705550   pConsole              <integer> = 0x0000000001f4d9e0 (32 823 776)
00:00:02.705553   papLeds               <integer> = 0x0000000001f4dde8 (32 824 808)
00:00:02.705555   pmapMediumAttachments <integer> = 0x0000000001f4e208 (32 825 864)
00:00:02.705558 
00:00:02.705559 [/Devices/apic/] (level 2)
00:00:02.705560 
00:00:02.705561 [/Devices/apic/0/] (level 3)
00:00:02.705563   Trusted <integer> = 0x0000000000000001 (1)
00:00:02.705565 
00:00:02.705566 [/Devices/apic/0/Config/] (level 4)
00:00:02.705568   IOAPIC  <integer> = 0x0000000000000001 (1)
00:00:02.705570   Mode    <integer> = 0x0000000000000002 (2)
00:00:02.705571   NumCPUs <integer> = 0x0000000000000001 (1)
00:00:02.705573 
00:00:02.705574 [/Devices/e1000/] (level 2)
00:00:02.705575 
00:00:02.705576 [/Devices/e1000/0/] (level 3)
00:00:02.705578   PCIBusNo      <integer> = 0x0000000000000000 (0)
00:00:02.705580   PCIDeviceNo   <integer> = 0x0000000000000003 (3)
00:00:02.705582   PCIFunctionNo <integer> = 0x0000000000000000 (0)
00:00:02.705583   Trusted       <integer> = 0x0000000000000001 (1)
00:00:02.705585 
00:00:02.705585 [/Devices/e1000/0/Config/] (level 4)
00:00:02.705588   AdapterType    <integer> = 0x0000000000000000 (0)
00:00:02.705589   CableConnected <integer> = 0x0000000000000001 (1)
00:00:02.705591   LineSpeed      <integer> = 0x0000000000000000 (0)
00:00:02.705592   MAC            <bytes>   = "08 00 27 b4 d0 23" (cb=6)
00:00:02.705596 
00:00:02.705597 [/Devices/e1000/0/LUN#0/] (level 4)
00:00:02.705599   Driver <string>  = "NAT" (cb=4)
00:00:02.705600 
00:00:02.705601 [/Devices/e1000/0/LUN#0/Config/] (level 5)
00:00:02.705604   AliasMode       <integer> = 0x0000000000000000 (0)
00:00:02.705605   BootFile        <string>  = "Vagrantfile_default_1490261898866_61229.pxe" (cb=44)
00:00:02.705607   DNSProxy        <integer> = 0x0000000000000001 (1)
00:00:02.705609   Network         <string>  = "10.0.2.0/24" (cb=12)
00:00:02.705611   PassDomain      <integer> = 0x0000000000000001 (1)
00:00:02.705612   TFTPPrefix      <string>  = "C:\Users\Aspire\.VirtualBox\TFTP" (cb=33)
00:00:02.705614   UseHostResolver <integer> = 0x0000000000000000 (0)
00:00:02.705616 
00:00:02.705616 [/Devices/e1000/0/LUN#0/Config/PortForwarding/] (level 6)
00:00:02.705619 
00:00:02.705620 [/Devices/e1000/0/LUN#0/Config/PortForwarding/0/] (level 7)
00:00:02.705623   BindIP    <string>  = "127.0.0.1" (cb=10)
00:00:02.705625   GuestPort <integer> = 0x0000000000000016 (22)
00:00:02.705627   HostPort  <integer> = 0x00000000000008ae (2 222)
00:00:02.705629   Name      <string>  = "ssh" (cb=4)
00:00:02.705630   Protocol  <string>  = "TCP" (cb=4)
00:00:02.705631 
00:00:02.705632 [/Devices/e1000/0/LUN#0/Config/PortForwarding/1/] (level 7)
00:00:02.705635   GuestPort <integer> = 0x0000000000006989 (27 017)
00:00:02.705637   HostPort  <integer> = 0x0000000000006989 (27 017)
00:00:02.705639   Name      <string>  = "tcp27017" (cb=9)
00:00:02.705641   Protocol  <string>  = "TCP" (cb=4)
00:00:02.705642 
00:00:02.705643 [/Devices/e1000/0/LUN#0/Config/PortForwarding/2/] (level 7)
00:00:02.705646   GuestPort <integer> = 0x0000000000001ba5 (7 077)
00:00:02.705648   HostPort  <integer> = 0x0000000000001ba5 (7 077)
00:00:02.705650   Name      <string>  = "tcp7077" (cb=8)
00:00:02.705651   Protocol  <string>  = "TCP" (cb=4)
00:00:02.705652 
00:00:02.705653 [/Devices/e1000/0/LUN#0/Config/PortForwarding/3/] (level 7)
00:00:02.705656   GuestPort <integer> = 0x0000000000001f90 (8 080)
00:00:02.705658   HostPort  <integer> = 0x0000000000001f90 (8 080)
00:00:02.705660   Name      <string>  = "tcp8080" (cb=8)
00:00:02.705661   Protocol  <string>  = "TCP" (cb=4)
00:00:02.705662 
00:00:02.705663 [/Devices/e1000/0/LUN#999/] (level 4)
00:00:02.705665   Driver <string>  = "MainStatus" (cb=11)
00:00:02.705666 
00:00:02.705667 [/Devices/e1000/0/LUN#999/Config/] (level 5)
00:00:02.705669   First   <integer> = 0x0000000000000000 (0)
00:00:02.705671   Last    <integer> = 0x0000000000000000 (0)
00:00:02.705673   papLeds <integer> = 0x0000000001f4e0c8 (32 825 544)
00:00:02.705675 
00:00:02.705676 [/Devices/i8254/] (level 2)
00:00:02.705678 
00:00:02.705678 [/Devices/i8254/0/] (level 3)
00:00:02.705680 
00:00:02.705681 [/Devices/i8254/0/Config/] (level 4)
00:00:02.705683 
00:00:02.705684 [/Devices/i8259/] (level 2)
00:00:02.705685 
00:00:02.705686 [/Devices/i8259/0/] (level 3)
00:00:02.705688   Trusted <integer> = 0x0000000000000001 (1)
00:00:02.705690 
00:00:02.705691 [/Devices/i8259/0/Config/] (level 4)
00:00:02.705693 
00:00:02.705693 [/Devices/ioapic/] (level 2)
00:00:02.705695 
00:00:02.705696 [/Devices/ioapic/0/] (level 3)
00:00:02.705698   Trusted <integer> = 0x0000000000000001 (1)
00:00:02.705700 
00:00:02.705700 [/Devices/ioapic/0/Config/] (level 4)
00:00:02.705703   NumCPUs <integer> = 0x0000000000000001 (1)
00:00:02.705704 
00:00:02.705705 [/Devices/mc146818/] (level 2)
00:00:02.705707 
00:00:02.705707 [/Devices/mc146818/0/] (level 3)
00:00:02.705709 
00:00:02.705710 [/Devices/mc146818/0/Config/] (level 4)
00:00:02.705712   UseUTC <integer> = 0x0000000000000001 (1)
00:00:02.705714 
00:00:02.705714 [/Devices/parallel/] (level 2)
00:00:02.705716 
00:00:02.705717 [/Devices/pcarch/] (level 2)
00:00:02.705718 
00:00:02.705719 [/Devices/pcarch/0/] (level 3)
00:00:02.705721   Trusted <integer> = 0x0000000000000001 (1)
00:00:02.705723 
00:00:02.705723 [/Devices/pcarch/0/Config/] (level 4)
00:00:02.705725 
00:00:02.705726 [/Devices/pcbios/] (level 2)
00:00:02.705728 
00:00:02.705728 [/Devices/pcbios/0/] (level 3)
00:00:02.705730   Trusted <integer> = 0x0000000000000001 (1)
00:00:02.705732 
00:00:02.705732 [/Devices/pcbios/0/Config/] (level 4)
00:00:02.705735   APIC               <integer> = 0x0000000000000001 (1)
00:00:02.705737   BootDevice0        <string>  = "IDE" (cb=4)
00:00:02.705739   BootDevice1        <string>  = "NONE" (cb=5)
00:00:02.705740   BootDevice2        <string>  = "NONE" (cb=5)
00:00:02.705742   BootDevice3        <string>  = "NONE" (cb=5)
00:00:02.705743   FloppyDevice       <string>  = "i82078" (cb=7)
00:00:02.705745   HardDiskDevice     <string>  = "piix3ide" (cb=9)
00:00:02.705746   IOAPIC             <integer> = 0x0000000000000001 (1)
00:00:02.705748   McfgBase           <integer> = 0x0000000000000000 (0)
00:00:02.705750   McfgLength         <integer> = 0x0000000000000000 (0)
00:00:02.705751   NumCPUs            <integer> = 0x0000000000000001 (1)
00:00:02.705753   PXEDebug           <integer> = 0x0000000000000000 (0)
00:00:02.705755   RamHoleSize        <integer> = 0x0000000020000000 (536 870 912, 512 MB)
00:00:02.705758   RamSize            <integer> = 0x0000000200000000 (8 589 934 592, 8 192 MB, 8 GB)
00:00:02.705762   SataHardDiskDevice <string>  = "ahci" (cb=5)
00:00:02.705763   SataLUN1           <integer> = 0x0000000000000000 (0)
00:00:02.705765   UUID               <bytes>   = "91 17 ec 53 c8 58 bb 47 a0 8b d8 bb f9 6a 85 0c" (cb=16)
00:00:02.705770 
00:00:02.705771 [/Devices/pcbios/0/Config/NetBoot/] (level 5)
00:00:02.705773 
00:00:02.705774 [/Devices/pcbios/0/Config/NetBoot/0/] (level 6)
00:00:02.705776   NIC           <integer> = 0x0000000000000000 (0)
00:00:02.705778   PCIBusNo      <integer> = 0x0000000000000000 (0)
00:00:02.705780   PCIDeviceNo   <integer> = 0x0000000000000003 (3)
00:00:02.705781   PCIFunctionNo <integer> = 0x0000000000000000 (0)
00:00:02.705783 
00:00:02.705784 [/Devices/pci/] (level 2)
00:00:02.705785 
00:00:02.705786 [/Devices/pci/0/] (level 3)
00:00:02.705788   Trusted <integer> = 0x0000000000000001 (1)
00:00:02.705789 
00:00:02.705790 [/Devices/pci/0/Config/] (level 4)
00:00:02.705792   IOAPIC <integer> = 0x0000000000000001 (1)
00:00:02.705794 
00:00:02.705794 [/Devices/pckbd/] (level 2)
00:00:02.705796 
00:00:02.705797 [/Devices/pckbd/0/] (level 3)
00:00:02.705799   Trusted <integer> = 0x0000000000000001 (1)
00:00:02.705800 
00:00:02.705801 [/Devices/pckbd/0/Config/] (level 4)
00:00:02.705803 
00:00:02.705803 [/Devices/pckbd/0/LUN#0/] (level 4)
00:00:02.705806   Driver <string>  = "KeyboardQueue" (cb=14)
00:00:02.705807 
00:00:02.705808 [/Devices/pckbd/0/LUN#0/AttachedDriver/] (level 5)
00:00:02.705810   Driver <string>  = "MainKeyboard" (cb=13)
00:00:02.705812 
00:00:02.705812 [/Devices/pckbd/0/LUN#0/AttachedDriver/Config/] (level 6)
00:00:02.705815   Object <integer> = 0x0000000001f4d440 (32 822 336)
00:00:02.705817 
00:00:02.705818 [/Devices/pckbd/0/LUN#0/Config/] (level 5)
00:00:02.705820   QueueSize <integer> = 0x0000000000000040 (64)
00:00:02.705822 
00:00:02.705823 [/Devices/pckbd/0/LUN#1/] (level 4)
00:00:02.705825   Driver <string>  = "MouseQueue" (cb=11)
00:00:02.705827 
00:00:02.705827 [/Devices/pckbd/0/LUN#1/AttachedDriver/] (level 5)
00:00:02.705830   Driver <string>  = "MainMouse" (cb=10)
00:00:02.705831 
00:00:02.705832 [/Devices/pckbd/0/LUN#1/AttachedDriver/Config/] (level 6)
00:00:02.705835   Object <integer> = 0x0000000001f54700 (32 851 712)
00:00:02.705837 
00:00:02.705837 [/Devices/pckbd/0/LUN#1/Config/] (level 5)
00:00:02.705840   QueueSize <integer> = 0x0000000000000080 (128)
00:00:02.705842 
00:00:02.705842 [/Devices/pcnet/] (level 2)
00:00:02.705844 
00:00:02.705845 [/Devices/serial/] (level 2)
00:00:02.705847 
00:00:02.705847 [/Devices/vga/] (level 2)
00:00:02.705849 
00:00:02.705849 [/Devices/vga/0/] (level 3)
00:00:02.705851   PCIBusNo      <integer> = 0x0000000000000000 (0)
00:00:02.705853   PCIDeviceNo   <integer> = 0x0000000000000002 (2)
00:00:02.705855   PCIFunctionNo <integer> = 0x0000000000000000 (0)
00:00:02.705856   Trusted       <integer> = 0x0000000000000001 (1)
00:00:02.705858 
00:00:02.705859 [/Devices/vga/0/Config/] (level 4)
00:00:02.705861   CustomVideoModes <integer> = 0x0000000000000000 (0)
00:00:02.705862   FadeIn           <integer> = 0x0000000000000001 (1)
00:00:02.705864   FadeOut          <integer> = 0x0000000000000001 (1)
00:00:02.705866   HeightReduction  <integer> = 0x0000000000000000 (0)
00:00:02.705867   LogoFile         <string>  = "" (cb=1)
00:00:02.705869   LogoTime         <integer> = 0x0000000000000000 (0)
00:00:02.705871   MonitorCount     <integer> = 0x0000000000000001 (1)
00:00:02.705872   ShowBootMenu     <integer> = 0x0000000000000002 (2)
00:00:02.705874   VRamSize         <integer> = 0x0000000000c00000 (12 582 912, 12 MB)
00:00:02.705877 
00:00:02.705877 [/Devices/vga/0/LUN#0/] (level 4)
00:00:02.705880   Driver <string>  = "MainDisplay" (cb=12)
00:00:02.705881 
00:00:02.705882 [/Devices/vga/0/LUN#0/Config/] (level 5)
00:00:02.705884   Object <integer> = 0x0000000001f54e90 (32 853 648)
00:00:02.705886 
00:00:02.705887 [/Devices/vga/0/LUN#999/] (level 4)
00:00:02.705889   Driver <string>  = "MainStatus" (cb=11)
00:00:02.705890 
00:00:02.705891 [/Devices/vga/0/LUN#999/Config/] (level 5)
00:00:02.705893   First   <integer> = 0x0000000000000000 (0)
00:00:02.705895   Last    <integer> = 0x0000000000000000 (0)
00:00:02.705897   papLeds <integer> = 0x0000000001f4e200 (32 825 856)
00:00:02.705899 
00:00:02.705899 [/Devices/virtio-net/] (level 2)
00:00:02.705901 
00:00:02.705902 [/EM/] (level 1)
00:00:02.705904   TripleFaultReset <integer> = 0x0000000000000000 (0)
00:00:02.705905 
00:00:02.705906 [/GIM/] (level 1)
00:00:02.705907   Provider <string>  = "None" (cb=5)
00:00:02.705908 
00:00:02.705909 [/HM/] (level 1)
00:00:02.705911   64bitEnabled       <integer> = 0x0000000000000001 (1)
00:00:02.705912   EnableLargePages   <integer> = 0x0000000000000000 (0)
00:00:02.705914   EnableNestedPaging <integer> = 0x0000000000000001 (1)
00:00:02.705916   EnableUX           <integer> = 0x0000000000000001 (1)
00:00:02.705917   EnableVPID         <integer> = 0x0000000000000001 (1)
00:00:02.705919   Exclusive          <integer> = 0x0000000000000000 (0)
00:00:02.705921   HMForced           <integer> = 0x0000000000000001 (1)
00:00:02.705923 
00:00:02.705923 [/MM/] (level 1)
00:00:02.705925   CanUseLargerHeap <integer> = 0x0000000000000000 (0)
00:00:02.705926 
00:00:02.705927 [/PDM/] (level 1)
00:00:02.705928 
00:00:02.705929 [/PDM/AsyncCompletion/] (level 2)
00:00:02.705931 
00:00:02.705931 [/PDM/AsyncCompletion/File/] (level 3)
00:00:02.705934 
00:00:02.705934 [/PDM/AsyncCompletion/File/BwGroups/] (level 4)
00:00:02.705937 
00:00:02.705937 [/PDM/BlkCache/] (level 2)
00:00:02.705939   CacheSize <integer> = 0x0000000000500000 (5 242 880, 5 MB)
00:00:02.705942 
00:00:02.705943 [/PDM/Devices/] (level 2)
00:00:02.705944 
00:00:02.705945 [/PDM/Drivers/] (level 2)
00:00:02.705946 
00:00:02.705947 [/PDM/Drivers/VBoxC/] (level 3)
00:00:02.705949   Path <string>  = "VBoxC" (cb=6)
00:00:02.705951 
00:00:02.705951 [/PDM/NetworkShaper/] (level 2)
00:00:02.705953 
00:00:02.705954 [/PDM/NetworkShaper/BwGroups/] (level 3)
00:00:02.705956 
00:00:02.705957 [/TM/] (level 1)
00:00:02.705958   UTCOffset <integer> = 0x0000000000000000 (0)
00:00:02.705960 
00:00:02.705961 ********************* End of CFGM dump **********************
00:00:02.705986 VM: fHMEnabled=true  (configured) fRecompileUser=false fRecompileSupervisor=false
00:00:02.705990 VM: fRawRing1Enabled=false CSAM=true  PATM=true 
00:00:02.706200 HM: HMR3Init: VT-x w/ nested paging and unrestricted guest execution hw support
00:00:02.706309 MM: cbHyperHeap=0x100000 (1048576)
00:00:02.711783 CPUM: fXStateHostMask=0x7; initial: 0x7; host XCR0=0x7
00:00:02.713362 CPUM: Matched host CPU INTEL 0x6/0x2a/0x7 Intel_Core7_SandyBridge with CPU DB entry 'Intel Core i7-2635QM' (INTEL 0x6/0x2a/0x7 Intel_Core7_SandyBridge)
00:00:02.713498 CPUM: VCPU  0: Cached APIC base MSR = 0x0
00:00:02.718420 PGM: HCPhysInterPD=00000000d16a8000 HCPhysInterPaePDPT=00000000d16a4000 HCPhysInterPaePML4=00000000d16a2000
00:00:02.718442 PGM: apInterPTs={00000000d16a7000,00000000d16a5000} apInterPaePTs={000000002f834000,000000002f83d000} apInterPaePDs={000000002f841000,000000002f806000,000000002f849000,00000000c76e3000} pInterPaePDPT64=00000000d16a3000
00:00:02.718456 PGM: Host paging mode: AMD64+PGE+NX
00:00:02.718470 PGM: PGMPool: cMaxPages=4144 (u64MaxPages=4136)
00:00:02.718478 PGM: pgmR3PoolInit: cMaxPages=0x1030 cMaxUsers=0x2060 cMaxPhysExts=0x2000 fCacheEnable=true 
00:00:02.842955 TM: GIP - u32Mode=3 (Invariant) u32UpdateHz=93 u32UpdateIntervalNS=10752500 enmUseTscDelta=2 (Pratically Zero) fGetGipCpu=0x1 cCpus=4
00:00:02.843002 TM: GIP - u64CpuHz=1 396 827 066 (0x5341e3ba)  SUPGetCpuHzFromGip => 1 396 827 066
00:00:02.843015 TM: GIP - CPU: iCpuSet=0x0 idCpu=0x0 idApic=0x0 iGipCpu=0x0 i64TSCDelta=0 enmState=3 u64CpuHz=1396827066(*) cErrors=0
00:00:02.843025 TM: GIP - CPU: iCpuSet=0x1 idCpu=0x1 idApic=0x1 iGipCpu=0x2 i64TSCDelta=0 enmState=3 u64CpuHz=1396825008(*) cErrors=0
00:00:02.843034 TM: GIP - CPU: iCpuSet=0x2 idCpu=0x2 idApic=0x2 iGipCpu=0x3 i64TSCDelta=0 enmState=3 u64CpuHz=1396826579(*) cErrors=0
00:00:02.843126 TM: GIP - CPU: iCpuSet=0x3 idCpu=0x3 idApic=0x3 iGipCpu=0x1 i64TSCDelta=0 enmState=3 u64CpuHz=1396819809(*) cErrors=0
00:00:02.843212 TM: cTSCTicksPerSecond=1 396 827 066 (0x5341e3ba) enmTSCMode=3 (Dynamic)
00:00:02.843216 TM: TSCTiedToExecution=false TSCNotTiedToHalt=false
00:00:02.844488 VMM: CoreCode: R3=000000000ab10000 R0=ffffd0010f963000 RC=a0ffa000 Phys=00000000d1687000 cb=0x1000
00:00:02.844875 IEM: TargetCpu=CURRENT, Microarch=Intel_Core7_SandyBridge
00:00:02.845374 GIM: Using provider 'None' (Implementation version: 0)
00:00:02.845454 AIOMgr: Default manager type is 'Async'
00:00:02.845464 AIOMgr: Default file backend is 'NonBuffered'
00:00:02.845766 BlkCache: Cache successfully initialized. Cache size is 5242880 bytes
00:00:02.845779 BlkCache: Cache commit interval is 10000 ms
00:00:02.845787 BlkCache: Cache commit threshold is 2621440 bytes
00:00:03.511132 PcBios: [SMP] BIOS with 1 CPUs
00:00:03.511173 PcBios: Using the 386+ BIOS image.
00:00:03.511368 PcBios: MPS table at 000e1300
00:00:03.515086 PcBios: fCheckShutdownStatusForSoftReset=true   fClearShutdownStatusOnHardReset=true 
00:00:03.541011 SUP: Loaded VBoxDDR0.r0 (C:\Program Files\Oracle\VirtualBox\VBoxDDR0.r0) at 0xfffff800e2e00000 - ModuleInit at 0000000000000000 and ModuleTerm at 0000000000000000 using the native ring-0 loader
00:00:03.541056 SUP: windbg> .reload /f C:\Program Files\Oracle\VirtualBox\VBoxDDR0.r0=0xfffff800e2e00000
00:00:03.542179 CPUM: SetGuestCpuIdFeature: Enabled xAPIC
00:00:03.543061 IOAPIC: Using implementation 2.0!
00:00:03.543162 PIT: mode=3 count=0x10000 (65536) - 18.20 Hz (ch=0)
00:00:03.566645 Shared Folders service loaded
00:00:03.575739 VGA: Using the 386+ BIOS image.
00:00:03.578752 DrvVD: Flushes will be ignored
00:00:03.578786 DrvVD: Async flushes will be passed to the disk
00:00:03.579315 VD: VDInit finished
00:00:03.619895 VD: Opening the disk took 41072351 ns
00:00:03.619968 AHCI: LUN#0: disk, PCHS=16383/16/63, total number of sectors 83886080
00:00:03.619991 AHCI: LUN#0: using normal I/O
00:00:03.620371 AHCI#0: Reset the HBA
00:00:03.620447 E1000#0 Chip=82540EM LinkUpDelay=5000ms EthernetCRC=on GSO=enabled Itr=enabled ItrRx=enabled R0=enabled GC=enabled
00:00:03.635563 NAT: Guest address guess set to 10.0.2.15 by initialization
00:00:03.676400 NAT: Set redirect TCP 127.0.0.1:2222 -> 0.0.0.0:22
00:00:03.676528 NAT: Set redirect TCP 0.0.0.0:27017 -> 0.0.0.0:27017
00:00:03.676649 NAT: Set redirect TCP 0.0.0.0:7077 -> 0.0.0.0:7077
00:00:03.676764 NAT: Set redirect TCP 0.0.0.0:8080 -> 0.0.0.0:8080
00:00:03.678932 PGM: The CPU physical address width is 36 bits
00:00:03.678963 PGM: PGMR3InitFinalize: 4 MB PSE mask 0000000fffffffff
00:00:03.679303 TM: TMR3InitFinalize: fTSCModeSwitchAllowed=false
00:00:03.730383 VMM: Thread-context hooks unavailable
00:00:03.733446 HM: Using VT-x implementation 2.0
00:00:03.733448 HM: Host CR4                        = 0x406f8
00:00:03.733452 HM: Host EFER                       = 0xd01
00:00:03.733454 HM: MSR_IA32_SMM_MONITOR_CTL        = 0x0
00:00:03.733455 HM: MSR_IA32_FEATURE_CONTROL        = 0x5
00:00:03.733456 HM: MSR_IA32_VMX_BASIC_INFO         = 0xda040000000010
00:00:03.733459 HM:   VMCS id                         = 0x10
00:00:03.733460 HM:   VMCS size                       = 1024 bytes
00:00:03.733462 HM:   VMCS physical address limit     = None
00:00:03.733463 HM:   VMCS memory type                = 0x6
00:00:03.733464 HM:   Dual-monitor treatment support  = true 
00:00:03.733466 HM:   OUTS & INS instruction-info     = true 
00:00:03.733467 HM: Max resume loops                = 1024
00:00:03.733468 HM: MSR_IA32_VMX_PINBASED_CTLS      = 0x7f00000016
00:00:03.733470 HM:   EXT_INT_EXIT
00:00:03.733471 HM:   NMI_EXIT
00:00:03.733472 HM:   VIRTUAL_NMI
00:00:03.733473 HM:   PREEMPT_TIMER
00:00:03.733473 HM:   POSTED_INTR (must be cleared)
00:00:03.733474 HM: MSR_IA32_VMX_PROCBASED_CTLS     = 0xfff9fffe0401e172
00:00:03.733476 HM:   INT_WINDOW_EXIT
00:00:03.733477 HM:   USE_TSC_OFFSETTING
00:00:03.733478 HM:   HLT_EXIT
00:00:03.733479 HM:   INVLPG_EXIT
00:00:03.733480 HM:   MWAIT_EXIT
00:00:03.733480 HM:   RDPMC_EXIT
00:00:03.733481 HM:   RDTSC_EXIT
00:00:03.733482 HM:   CR3_LOAD_EXIT (must be set)
00:00:03.733483 HM:   CR3_STORE_EXIT (must be set)
00:00:03.733484 HM:   CR8_LOAD_EXIT
00:00:03.733484 HM:   CR8_STORE_EXIT
00:00:03.733485 HM:   USE_TPR_SHADOW
00:00:03.733486 HM:   NMI_WINDOW_EXIT
00:00:03.733487 HM:   MOV_DR_EXIT
00:00:03.733488 HM:   UNCOND_IO_EXIT
00:00:03.733488 HM:   USE_IO_BITMAPS
00:00:03.733489 HM:   MONITOR_TRAP_FLAG
00:00:03.733490 HM:   USE_MSR_BITMAPS
00:00:03.733491 HM:   MONITOR_EXIT
00:00:03.733492 HM:   PAUSE_EXIT
00:00:03.733493 HM:   USE_SECONDARY_EXEC_CTRL
00:00:03.733496 HM: MSR_IA32_VMX_PROCBASED_CTLS2    = 0xff00000000
00:00:03.733497 HM:   VIRT_APIC
00:00:03.733498 HM:   EPT
00:00:03.733499 HM:   DESCRIPTOR_TABLE_EXIT
00:00:03.733500 HM:   RDTSCP
00:00:03.733501 HM:   VIRT_X2APIC
00:00:03.733502 HM:   VPID
00:00:03.733503 HM:   WBINVD_EXIT
00:00:03.733503 HM:   UNRESTRICTED_GUEST
00:00:03.733506 HM:   APIC_REG_VIRT (must be cleared)
00:00:03.733507 HM:   VIRT_INTR_DELIVERY (must be cleared)
00:00:03.733508 HM:   PAUSE_LOOP_EXIT (must be cleared)
00:00:03.733509 HM:   RDRAND_EXIT (must be cleared)
00:00:03.733510 HM:   INVPCID (must be cleared)
00:00:03.733511 HM:   VMFUNC (must be cleared)
00:00:03.733512 HM:   VMCS_SHADOWING (must be cleared)
00:00:03.733512 HM:   ENCLS_EXIT (must be cleared)
00:00:03.733513 HM:   RDSEED_EXIT (must be cleared)
00:00:03.733514 HM:   PML (must be cleared)
00:00:03.733515 HM:   EPT_VE (must be cleared)
00:00:03.733516 HM:   CONCEAL_FROM_PT (must be cleared)
00:00:03.733517 HM:   XSAVES_XRSTORS (must be cleared)
00:00:03.733517 HM:   TSC_SCALING (must be cleared)
00:00:03.733518 HM: MSR_IA32_VMX_ENTRY_CTLS         = 0xffff000011ff
00:00:03.733520 HM:   LOAD_DEBUG (must be set)
00:00:03.733521 HM:   IA32E_MODE_GUEST
00:00:03.733522 HM:   ENTRY_SMM
00:00:03.733523 HM:   DEACTIVATE_DUALMON
00:00:03.733523 HM:   LOAD_GUEST_PERF_MSR
00:00:03.733524 HM:   LOAD_GUEST_PAT_MSR
00:00:03.733525 HM:   LOAD_GUEST_EFER_MSR
00:00:03.733526 HM: MSR_IA32_VMX_EXIT_CTLS          = 0x7fffff00036dff
00:00:03.733528 HM:   SAVE_DEBUG (must be set)
00:00:03.733529 HM:   HOST_ADDR_SPACE_SIZE
00:00:03.733530 HM:   LOAD_PERF_MSR
00:00:03.733530 HM:   ACK_EXT_INT
00:00:03.733531 HM:   SAVE_GUEST_PAT_MSR
00:00:03.733532 HM:   LOAD_HOST_PAT_MSR
00:00:03.733533 HM:   SAVE_GUEST_EFER_MSR
00:00:03.733534 HM:   LOAD_HOST_EFER_MSR
00:00:03.733534 HM:   SAVE_VMX_PREEMPT_TIMER
00:00:03.733535 HM: MSR_IA32_VMX_EPT_VPID_CAP       = 0xf0106114141
00:00:03.733537 HM:   RWX_X_ONLY
00:00:03.733538 HM:   PAGE_WALK_LENGTH_4
00:00:03.733539 HM:   EMT_UC
00:00:03.733539 HM:   EMT_WB
00:00:03.733540 HM:   PDE_2M
00:00:03.733541 HM:   INVEPT
00:00:03.733542 HM:   INVEPT_SINGLE_CONTEXT
00:00:03.733543 HM:   INVEPT_ALL_CONTEXTS
00:00:03.733544 HM:   INVVPID
00:00:03.733544 HM:   INVVPID_INDIV_ADDR
00:00:03.733545 HM:   INVVPID_SINGLE_CONTEXT
00:00:03.733546 HM:   INVVPID_ALL_CONTEXTS
00:00:03.733547 HM:   INVVPID_SINGLE_CONTEXT_RETAIN_GLOBALS
00:00:03.733548 HM: MSR_IA32_VMX_MISC               = 0x100401e5
00:00:03.733549 HM:   PREEMPT_TSC_BIT                 = 0x5
00:00:03.733551 HM:   STORE_EFERLMA_VMEXIT            = true 
00:00:03.733552 HM:   ACTIVITY_STATES                 = 0x7
00:00:03.733553 HM:   CR3_TARGET                      = 0x4
00:00:03.733554 HM:   MAX_MSR                         = 512
00:00:03.733555 HM:   RDMSR_SMBASE_MSR_SMM            = false
00:00:03.733556 HM:   SMM_MONITOR_CTL_B2              = true 
00:00:03.733557 HM:   VMWRITE_VMEXIT_INFO             = false
00:00:03.733559 HM:   MSEG_ID                         = 0x0
00:00:03.733560 HM: MSR_IA32_VMX_CR0_FIXED0         = 0x80000021
00:00:03.733561 HM: MSR_IA32_VMX_CR0_FIXED1         = 0xffffffff
00:00:03.733563 HM: MSR_IA32_VMX_CR4_FIXED0         = 0x2000
00:00:03.733564 HM: MSR_IA32_VMX_CR4_FIXED1         = 0x627ff
00:00:03.733566 HM: MSR_IA32_VMX_VMCS_ENUM          = 0x2a
00:00:03.733567 HM:   HIGHEST_INDEX                   = 0x15
00:00:03.733568 HM: APIC-access page physaddr       = 0x00000000d1686000
00:00:03.733570 HM: VCPU  0: MSR bitmap physaddr    = 0x00000000d1683000
00:00:03.733573 HM: VCPU  0: VMCS physaddr          = 0x00000000d1685000
00:00:03.733575 HM: Guest support: 32-bit and 64-bit
00:00:03.733585 HM: Supports VMCS EFER fields       = true 
00:00:03.733587 HM: Enabled VMX
00:00:03.733591 CPUM: SetGuestCpuIdFeature: Enabled SYSENTER/EXIT
00:00:03.733592 CPUM: SetGuestCpuIdFeature: Enabled PAE
00:00:03.733593 CPUM: SetGuestCpuIdFeature: Enabled LONG MODE
00:00:03.733594 CPUM: SetGuestCpuIdFeature: Enabled SYSCALL/RET
00:00:03.733595 CPUM: SetGuestCpuIdFeature: Enabled LAHF/SAHF
00:00:03.733596 CPUM: SetGuestCpuIdFeature: Enabled NX
00:00:03.733597 HM: Enabled nested paging
00:00:03.733598 HM:   EPT flush type                = VMXFLUSHEPT_SINGLE_CONTEXT
00:00:03.733599 HM: Enabled unrestricted guest execution
00:00:03.733600 HM: Enabled VPID
00:00:03.733601 HM:   VPID flush type               = VMXFLUSHVPID_SINGLE_CONTEXT
00:00:03.733602 HM: Enabled VMX-preemption timer (cPreemptTimerShift=5)
00:00:03.733603 HM: VT-x/AMD-V init method: LOCAL
00:00:03.733608 CPUM: VCPU  0: Cached APIC base MSR = 0xfee00900
00:00:03.746357 VMM: fUsePeriodicPreemptionTimers=false
00:00:03.746472 CPUM: Logical host processors: 4 present, 4 max, 4 online, online mask: 000000000000000f
00:00:03.746476 CPUM: Physical host cores: 2
00:00:03.746478 ************************* CPUID dump ************************
00:00:03.746489          Raw Standard CPUID Leaves
00:00:03.746490      Leaf/sub-leaf  eax      ebx      ecx      edx
00:00:03.746493 Gst: 00000000/0000  0000000d 756e6547 6c65746e 49656e69
00:00:03.746496 Hst:                0000000d 756e6547 6c65746e 49656e69
00:00:03.746499 Gst: 00000001/0000  000206a7 00000800 1498220b 078bfbff
00:00:03.746501 Hst:                000206a7 03100800 1dbae3bf bfebfbff
00:00:03.746504 Gst: 00000002/0000  76035a01 00f0b2ff 00000000 00ca0000
00:00:03.746506 Hst:                76035a01 00f0b2ff 00000000 00ca0000
00:00:03.746509 Gst: 00000003/0000  00000000 00000000 00000000 00000000
00:00:03.746510 Hst:                00000000 00000000 00000000 00000000
00:00:03.746512 Gst: 00000004/0000  00000121 01c0003f 0000003f 00000000
00:00:03.746514 Hst:                1c004121 01c0003f 0000003f 00000000
00:00:03.746517 Gst: 00000004/0001  00000122 01c0003f 0000003f 00000000
00:00:03.746519 Hst:                1c004122 01c0003f 0000003f 00000000
00:00:03.746521 Gst: 00000004/0002  00000143 01c0003f 000001ff 00000000
00:00:03.746523 Hst:                1c004143 01c0003f 000001ff 00000000
00:00:03.746525 Gst: 00000004/0003  00000163 02c0003f 00000fff 00000006
00:00:03.746527 Hst:                1c03c163 02c0003f 00000fff 00000006
00:00:03.746529 Gst: 00000004/0004  00000000 00000000 00000000 00000000
00:00:03.746531 Hst:                00000000 00000000 00000000 00000000
00:00:03.746533 Gst: 00000005/0000  00000040 00000040 00000000 00000000
00:00:03.746534 Hst:                00000040 00000040 00000003 00021120
00:00:03.746537 Gst: 00000006/0000  00000000 00000000 00000000 00000000
00:00:03.746538 Hst:                00000075 00000002 00000009 00000000
00:00:03.746540 Gst: 00000007/0000  00000000 00000000 00000000 00000000
00:00:03.746542 Hst:                00000000 00000000 00000000 00000000
00:00:03.746543 Gst: 00000008/0000  00000000 00000000 00000000 00000000
00:00:03.746545 Hst:                00000000 00000000 00000000 00000000
00:00:03.746546 Gst: 00000009/0000  00000000 00000000 00000000 00000000
00:00:03.746548 Hst:                00000000 00000000 00000000 00000000
00:00:03.746550 Gst: 0000000a/0000  00000000 00000000 00000000 00000000
00:00:03.746551 Hst:                07300403 00000000 00000000 00000603
00:00:03.746553 Gst: 0000000b/0000  00000000 00000001 00000100 00000000
00:00:03.746555 Hst:                00000001 00000002 00000100 00000003
00:00:03.746557 Gst: 0000000b/0001  00000001 00000001 00000201 00000000
00:00:03.746558 Hst:                00000004 00000004 00000201 00000003
00:00:03.746560 Gst: 0000000b/0002  00000000 00000000 00000002 00000000
00:00:03.746562 Hst:                00000000 00000000 00000002 00000003
00:00:03.746563 Gst: 0000000c/0000  00000000 00000000 00000000 00000000
00:00:03.746565 Hst:                00000000 00000000 00000000 00000000
00:00:03.746566 Gst: 0000000d/0000  00000007 00000340 00000340 00000000
00:00:03.746568 Hst:                00000007 00000340 00000340 00000000
00:00:03.746570 Gst: 0000000d/0001  00000000 00000000 00000000 00000000
00:00:03.746571 Hst:                00000001 00000000 00000000 00000000
00:00:03.746573 Gst: 0000000d/0002  00000100 00000240 00000000 00000000
00:00:03.746575 Hst:                00000100 00000240 00000000 00000000
00:00:03.746576 Gst: 0000000d/0003  00000000 00000000 00000000 00000000
00:00:03.746578 Hst:                00000000 00000000 00000000 00000000
00:00:03.746608                                Name: GenuineIntel
00:00:03.746611                            Supports: 0x00000000-0x0000000d
00:00:03.746617                              Family:  6 	Extended: 0 	Effective: 6
00:00:03.746620                               Model: 10 	Extended: 2 	Effective: 42
00:00:03.746623                            Stepping: 7
00:00:03.746624                                Type: 0 (primary)
00:00:03.746627                             APIC ID: 0x00
00:00:03.746628                        Logical CPUs: 0
00:00:03.746630                        CLFLUSH Size: 8
00:00:03.746631                            Brand ID: 0x00
00:00:03.746633 Features
00:00:03.746634   Mnemonic - Description                                  = guest (host)
00:00:03.746636   FPU - x87 FPU on Chip                                   = 1 (1)
00:00:03.746639   VME - Virtual 8086 Mode Enhancements                    = 1 (1)
00:00:03.746641   DE - Debugging extensions                               = 1 (1)
00:00:03.746644   PSE - Page Size Extension                               = 1 (1)
00:00:03.746646   TSC - Time Stamp Counter                                = 1 (1)
00:00:03.746648   MSR - Model Specific Registers                          = 1 (1)
00:00:03.746651   PAE - Physical Address Extension                        = 1 (1)
00:00:03.746653   MCE - Machine Check Exception                           = 1 (1)
00:00:03.746655   CX8 - CMPXCHG8B instruction                             = 1 (1)
00:00:03.746657   APIC - APIC On-Chip                                     = 1 (1)
00:00:03.746660   SEP - SYSENTER and SYSEXIT Present                      = 1 (1)
00:00:03.746662   MTRR - Memory Type Range Registers                      = 1 (1)
00:00:03.746664   PGE - PTE Global Bit                                    = 1 (1)
00:00:03.746666   MCA - Machine Check Architecture                        = 1 (1)
00:00:03.746669   CMOV - Conditional Move instructions                    = 1 (1)
00:00:03.746671   PAT - Page Attribute Table                              = 1 (1)
00:00:03.746673   PSE-36 - 36-bit Page Size Extension                     = 1 (1)
00:00:03.746675   PSN - Processor Serial Number                           = 0 (0)
00:00:03.746677   CLFSH - CLFLUSH instruction                             = 1 (1)
00:00:03.746680   DS - Debug Store                                        = 0 (1)
00:00:03.746682   ACPI - Thermal Mon. & Soft. Clock Ctrl.                 = 0 (1)
00:00:03.746684   MMX - Intel MMX Technology                              = 1 (1)
00:00:03.746687   FXSR - FXSAVE and FXRSTOR instructions                  = 1 (1)
00:00:03.746689   SSE - SSE support                                       = 1 (1)
00:00:03.746691   SSE2 - SSE2 support                                     = 1 (1)
00:00:03.746693   SS - Self Snoop                                         = 0 (1)
00:00:03.746696   HTT - Hyper-Threading Technology                        = 0 (1)
00:00:03.746698   TM - Therm. Monitor                                     = 0 (1)
00:00:03.746701   PBE - Pending Break Enabled                             = 0 (1)
00:00:03.746703   SSE3 - SSE3 support                                     = 1 (1)
00:00:03.746705   PCLMUL - PCLMULQDQ support (for AES-GCM)                = 1 (1)
00:00:03.746707   DTES64 - DS Area 64-bit Layout                          = 0 (1)
00:00:03.746710   MONITOR - MONITOR/MWAIT instructions                    = 1 (1)
00:00:03.746712   CPL-DS - CPL Qualified Debug Store                      = 0 (1)
00:00:03.746714   VMX - Virtual Machine Extensions                        = 0 (1)
00:00:03.746716   SMX - Safer Mode Extensions                             = 0 (0)
00:00:03.746718   EST - Enhanced SpeedStep Technology                     = 0 (1)
00:00:03.746720   TM2 - Terminal Monitor 2                                = 0 (1)
00:00:03.746723   SSSE3 - Supplemental Streaming SIMD Extensions 3        = 1 (1)
00:00:03.746725   CNTX-ID - L1 Context ID                                 = 0 (0)
00:00:03.746727   SDBG - Silicon Debug interface                          = 0 (0)
00:00:03.746729   FMA - Fused Multiply Add extensions                     = 0 (0)
00:00:03.746731   CX16 - CMPXCHG16B instruction                           = 1 (1)
00:00:03.746734   TPRUPDATE - xTPR Update Control                         = 0 (1)
00:00:03.746736   PDCM - Perf/Debug Capability MSR                        = 0 (1)
00:00:03.746738   PCID - Process Context Identifiers                      = 0 (1)
00:00:03.746740   DCA - Direct Cache Access                               = 0 (0)
00:00:03.746743   SSE4_1 - SSE4_1 support                                 = 1 (1)
00:00:03.746745   SSE4_2 - SSE4_2 support                                 = 1 (1)
00:00:03.746747   X2APIC - x2APIC support                                 = 0 (1)
00:00:03.746750   MOVBE - MOVBE instruction                               = 0 (0)
00:00:03.746752   POPCNT - POPCNT instruction                             = 1 (1)
00:00:03.746754   TSCDEADL - Time Stamp Counter Deadline                  = 0 (1)
00:00:03.746756   AES - AES instructions                                  = 0 (0)
00:00:03.746759   XSAVE - XSAVE instruction                               = 1 (1)
00:00:03.746761   OSXSAVE - OSXSAVE instruction                           = 0 (1)
00:00:03.746763   AVX - AVX support                                       = 1 (1)
00:00:03.746766   F16C - 16-bit floating point conversion instructions    = 0 (0)
00:00:03.746768   RDRAND - RDRAND instruction                             = 0 (0)
00:00:03.746770   HVP - Hypervisor Present (we're a guest)                = 0 (0)
00:00:03.746772 Structured Extended Feature Flags Enumeration (leaf 7):
00:00:03.746773   Mnemonic - Description                                  = guest (host)
00:00:03.746776   FSGSBASE - RDFSBASE/RDGSBASE/WRFSBASE/WRGSBASE instr.   = 0 (0)
00:00:03.746778   TSCADJUST - Supports MSR_IA32_TSC_ADJUST                = 0 (0)
00:00:03.746780   SGX - Supports Software Guard Extensions                = 0 (0)
00:00:03.746783   BMI1 - Advanced Bit Manipulation extension 1            = 0 (0)
00:00:03.746784   HLE - Hardware Lock Elision                             = 0 (0)
00:00:03.746787   AVX2 - Advanced Vector Extensions 2                     = 0 (0)
00:00:03.746789   FDP_EXCPTN_ONLY - FPU DP only updated on exceptions     = 0 (0)
00:00:03.746791   SMEP - Supervisor Mode Execution Prevention             = 0 (0)
00:00:03.746793   BMI2 - Advanced Bit Manipulation extension 2            = 0 (0)
00:00:03.746795   ERMS - Enhanced REP MOVSB/STOSB instructions            = 0 (0)
00:00:03.746797   INVPCID - INVPCID instruction                           = 0 (0)
00:00:03.746799   RTM - Restricted Transactional Memory                   = 0 (0)
00:00:03.746801   PQM - Platform Quality of Service Monitoring            = 0 (0)
00:00:03.746803   DEPFPU_CS_DS - Deprecates FPU CS, FPU DS values if set  = 0 (0)
00:00:03.746805   MPE - Intel Memory Protection Extensions                = 0 (0)
00:00:03.746807   PQE - Platform Quality of Service Enforcement           = 0 (0)
00:00:03.746808   AVX512F - AVX512 Foundation instructions                = 0 (0)
00:00:03.746810   RDSEED - RDSEED instruction                             = 0 (0)
00:00:03.746813   ADX - ADCX/ADOX instructions                            = 0 (0)
00:00:03.746815   SMAP - Supervisor Mode Access Prevention                = 0 (0)
00:00:03.746817   CLFLUSHOPT - CLFLUSHOPT (Cache Line Flush) instruction  = 0 (0)
00:00:03.746819   INTEL_PT - Intel Processor Trace                        = 0 (0)
00:00:03.746821   AVX512PF - AVX512 Prefetch instructions                 = 0 (0)
00:00:03.746823   AVX512ER - AVX512 Exponential & Reciprocal instructions = 0 (0)
00:00:03.746825   AVX512CD - AVX512 Conflict Detection instructions       = 0 (0)
00:00:03.746827   SHA - Secure Hash Algorithm extensions                  = 0 (0)
00:00:03.746829   PREFETCHWT1 - PREFETCHWT1 instruction                   = 0 (0)
00:00:03.746831   PKU - Protection Key for Usermode pages                 = 0 (0)
00:00:03.746833   OSPKU - CR4.PKU mirror                                  = 0 (0)
00:00:03.746836 Processor Extended State Enumeration (leaf 0xd):
00:00:03.746837    XSAVE area cur/max size by XCR0, guest: 0x340/0x340
00:00:03.746839     XSAVE area cur/max size by XCR0, host: 0x340/0x340
00:00:03.746840                    Valid XCR0 bits, guest: 0x00000000`00000007 ( x87 SSE YMM_Hi128 )
00:00:03.746844                     Valid XCR0 bits, host: 0x00000000`00000007 ( x87 SSE YMM_Hi128 )
00:00:03.746849                     XSAVE features, guest:
00:00:03.746850                      XSAVE features, host: XSAVEOPT
00:00:03.746853       XSAVE area cur size XCR0|XSS, guest: 0x0
00:00:03.746854        XSAVE area cur size XCR0|XSS, host: 0x0
00:00:03.746855                Valid IA32_XSS bits, guest: 0x00000000`00000000
00:00:03.746857                 Valid IA32_XSS bits, host: 0x00000000`00000000
00:00:03.746859   State #2, guest: off=0x0240, cb=0x0100 IA32_XSS-bit -- YMM_Hi128
00:00:03.746863   State #2, host:  off=0x0240, cb=0x0100 IA32_XSS-bit -- YMM_Hi128
00:00:03.746880          Raw Extended CPUID Leaves
00:00:03.746881      Leaf/sub-leaf  eax      ebx      ecx      edx
00:00:03.746882 Gst: 80000000/0000  80000008 00000000 00000000 00000000
00:00:03.746884 Hst:                80000008 00000000 00000000 00000000
00:00:03.746886 Gst: 80000001/0000  00000000 00000000 00000001 28100800
00:00:03.746888 Hst:                00000000 00000000 00000001 28100800
00:00:03.746891 Gst: 80000002/0000  20202020 49202020 6c65746e 20295228
00:00:03.746894 Hst:                20202020 49202020 6c65746e 20295228
00:00:03.746896 Gst: 80000003/0000  65726f43 294d5428 2d336920 35363332
00:00:03.746899 Hst:                65726f43 294d5428 2d336920 35363332
00:00:03.746902 Gst: 80000004/0000  5043204d 20402055 30342e31 007a4847
00:00:03.746904 Hst:                5043204d 20402055 30342e31 007a4847
00:00:03.746907 Gst: 80000005/0000  00000000 00000000 00000000 00000000
00:00:03.746908 Hst:                00000000 00000000 00000000 00000000
00:00:03.746910 Gst: 80000006/0000  00000000 00000000 01006040 00000000
00:00:03.746912 Hst:                00000000 00000000 01006040 00000000
00:00:03.746914 Gst: 80000007/0000  00000000 00000000 00000000 00000100
00:00:03.746916 Hst:                00000000 00000000 00000000 00000100
00:00:03.746917 Gst: 80000008/0000  00003024 00000000 00000000 00000000
00:00:03.746919 Hst:                00003024 00000000 00000000 00000000
00:00:03.746921 Ext Name:                        
00:00:03.746922 Ext Supports:                    0x80000000-0x80000008
00:00:03.746926 Family:                          0  	Extended: 0 	Effective: 0
00:00:03.746928 Model:                           0  	Extended: 0 	Effective: 0
00:00:03.746929 Stepping:                        0
00:00:03.746930 Brand ID:                        0x000
00:00:03.746931 Ext Features
00:00:03.746932   Mnemonic - Description                                  = guest (host)
00:00:03.746933   FPU - x87 FPU on Chip                                   = 0 (0)
00:00:03.746935   VME - Virtual 8086 Mode Enhancements                    = 0 (0)
00:00:03.746938   DE - Debugging extensions                               = 0 (0)
00:00:03.746940   PSE - Page Size Extension                               = 0 (0)
00:00:03.746942   TSC - Time Stamp Counter                                = 0 (0)
00:00:03.746945   MSR - K86 Model Specific Registers                      = 0 (0)
00:00:03.746947   PAE - Physical Address Extension                        = 0 (0)
00:00:03.746949   MCE - Machine Check Exception                           = 0 (0)
00:00:03.746951   CX8 - CMPXCHG8B instruction                             = 0 (0)
00:00:03.746953   APIC - APIC On-Chip                                     = 0 (0)
00:00:03.746956   SEP - SYSCALL/SYSRET                                    = 1 (1)
00:00:03.746958   MTRR - Memory Type Range Registers                      = 0 (0)
00:00:03.746960   PGE - PTE Global Bit                                    = 0 (0)
00:00:03.746963   MCA - Machine Check Architecture                        = 0 (0)
00:00:03.746965   CMOV - Conditional Move instructions                    = 0 (0)
00:00:03.746967   PAT - Page Attribute Table                              = 0 (0)
00:00:03.746969   PSE-36 - 36-bit Page Size Extension                     = 0 (0)
00:00:03.746971   NX - No-Execute/Execute-Disable                         = 1 (1)
00:00:03.746973   AXMMX - AMD Extensions to MMX instructions              = 0 (0)
00:00:03.746975   MMX - Intel MMX Technology                              = 0 (0)
00:00:03.746978   FXSR - FXSAVE and FXRSTOR Instructions                  = 0 (0)
00:00:03.746980   FFXSR - AMD fast FXSAVE and FXRSTOR instructions        = 0 (0)
00:00:03.746981   Page1GB - 1 GB large page                               = 0 (0)
00:00:03.746984   RDTSCP - RDTSCP instruction                             = 1 (1)
00:00:03.746986   LM - AMD64 Long Mode                                    = 1 (1)
00:00:03.746988   3DNOWEXT - AMD Extensions to 3DNow                      = 0 (0)
00:00:03.746991   3DNOW - AMD 3DNow                                       = 0 (0)
00:00:03.746993   LahfSahf - LAHF/SAHF support in 64-bit mode             = 1 (1)
00:00:03.746995   CmpLegacy - Core multi-processing legacy mode           = 0 (0)
00:00:03.746997   SVM - AMD VM extensions                                 = 0 (0)
00:00:03.746999   EXTAPIC - AMD Extended APIC registers                   = 0 (0)
00:00:03.747001   CR8L - AMD LOCK MOV CR0 means MOV CR8                   = 0 (0)
00:00:03.747003   ABM - AMD Advanced Bit Manipulation                     = 0 (0)
00:00:03.747005   SSE4A - SSE4A instructions                              = 0 (0)
00:00:03.747008   MISALIGNSSE - AMD Misaligned SSE mode                   = 0 (0)
00:00:03.747010   3DNOWPRF - AMD PREFETCH and PREFETCHW instructions      = 0 (0)
00:00:03.747012   OSVW - AMD OS Visible Workaround                        = 0 (0)
00:00:03.747014   IBS - Instruct Based Sampling                           = 0 (0)
00:00:03.747016   XOP - Extended Operation support                        = 0 (0)
00:00:03.747018   SKINIT - SKINIT, STGI, and DEV support                  = 0 (0)
00:00:03.747020   WDT - AMD Watchdog Timer support                        = 0 (0)
00:00:03.747022   LWP - Lightweight Profiling support                     = 0 (0)
00:00:03.747024   FMA4 - Four operand FMA instruction support             = 0 (0)
00:00:03.747026   NodeId - NodeId in MSR C001_100C                        = 0 (0)
00:00:03.747028   TBM - Trailing Bit Manipulation instructions            = 0 (0)
00:00:03.747030   TOPOEXT - Topology Extensions                           = 0 (0)
00:00:03.747033 Full Name:                       "       Intel(R) Core(TM) i3-2365M CPU @ 1.40GHz"
00:00:03.747035 TLB 2/4M Instr/Uni:              res0     0 entries
00:00:03.747036 TLB 2/4M Data:                   res0     0 entries
00:00:03.747037 TLB 4K Instr/Uni:                res0     0 entries
00:00:03.747039 TLB 4K Data:                     res0     0 entries
00:00:03.747040 L1 Instr Cache Line Size:        0 bytes
00:00:03.747041 L1 Instr Cache Lines Per Tag:    0
00:00:03.747042 L1 Instr Cache Associativity:    res0  
00:00:03.747043 L1 Instr Cache Size:             0 KB
00:00:03.747044 L1 Data Cache Line Size:         0 bytes
00:00:03.747045 L1 Data Cache Lines Per Tag:     0
00:00:03.747045 L1 Data Cache Associativity:     res0  
00:00:03.747046 L1 Data Cache Size:              0 KB
00:00:03.747048 L2 TLB 2/4M Instr/Uni:           off       0 entries
00:00:03.747049 L2 TLB 2/4M Data:                off       0 entries
00:00:03.747050 L2 TLB 4K Instr/Uni:             off       0 entries
00:00:03.747051 L2 TLB 4K Data:                  off       0 entries
00:00:03.747052 L2 Cache Line Size:              0 bytes
00:00:03.747053 L2 Cache Lines Per Tag:          0
00:00:03.747054 L2 Cache Associativity:          off   
00:00:03.747055 L2 Cache Size:                   0 KB
00:00:03.747056 APM Features:                    TscInvariant
00:00:03.747058 Host Invariant-TSC support:      true 
00:00:03.747059 Physical Address Width:          36 bits
00:00:03.747060 Virtual Address Width:           48 bits
00:00:03.747061 Guest Physical Address Width:    0 bits
00:00:03.747062 Physical Core Count:             1
00:00:03.747064 
00:00:03.747065 ******************** End of CPUID dump **********************
00:00:03.792746 PcBios: SATA LUN#0 LCHS=1024/255/63
00:00:03.792798 APIC: fPostedIntrsEnabled=false fVirtApicRegsEnabled=false fSupportsTscDeadline=false
00:00:03.792815 VMEmt: Halt method global1 (5)
00:00:03.792832 VMEmt: HaltedGlobal1 config: cNsSpinBlockThresholdCfg=50000
00:00:03.792843 Changing the VM state from 'CREATING' to 'CREATED'
00:00:03.793915 SharedFolders host service: Adding host mapping
00:00:03.793946     Host path '\\?\E:\Working\MongoDB\MongoDB University\2016\M233 Getting Started with Spark and MongoDB\Units\Spark and MongoDB\1 Welcome, prerequisites, and setting up your learning environment\Vagrantfile', map name 'vagrant', writable, automount=false, create_symlinks=true, missing=false
00:00:03.794330 Changing the VM state from 'CREATED' to 'POWERING_ON'
00:00:03.794990 Changing the VM state from 'POWERING_ON' to 'RUNNING'
00:00:03.795039 Console: Machine state changed to 'Running'
00:00:03.808715 VMMDev: Guest Log: BIOS: VirtualBox 5.1.14
00:00:03.812181 PIT: mode=2 count=0x10000 (65536) - 18.20 Hz (ch=0)
00:00:03.822698 Display::handleDisplayResize: uScreenId=0 pvVRAM=0000000000000000 w=720 h=400 bpp=0 cbLine=0x0 flags=0x1
00:00:03.862827 AHCI#0: Reset the HBA
00:00:03.862947 AHCI#0: Port 0 reset
00:00:03.865273 VMMDev: Guest Log: BIOS: AHCI 0-P#0: PCHS=16383/16/63 LCHS=1024/255/63 0x0000000005000000 sectors
00:00:03.867444 PIT: mode=2 count=0x48d3 (18643) - 64.00 Hz (ch=0)
00:00:03.886961 Display::handleDisplayResize: uScreenId=0 pvVRAM=000000000bf60000 w=640 h=480 bpp=32 cbLine=0xA00 flags=0x1
00:00:06.134969 NAT: Old socket recv size: 64KB
00:00:06.135028 NAT: Old socket send size: 64KB
00:00:06.339907 Display::handleDisplayResize: uScreenId=0 pvVRAM=0000000000000000 w=720 h=400 bpp=0 cbLine=0x0 flags=0x1
00:00:06.354814 PIT: mode=2 count=0x10000 (65536) - 18.20 Hz (ch=0)
00:00:06.355366 VMMDev: Guest Log: BIOS: Boot : bseqnr=1, bootseq=0002
00:00:06.363783 VMMDev: Guest Log: BIOS: Booting from Hard Disk...
00:00:08.176626 PIT: mode=2 count=0x12a5 (4773) - 249.98 Hz (ch=0)
00:00:08.648154 PIT: mode=0 count=0x10000 (65536) - 18.20 Hz (ch=0)
00:00:09.660213 AHCI#0: Reset the HBA
00:00:09.682258 AHCI#0: Port 0 reset
00:00:12.143956 NAT: Link up
00:00:24.772283 VMMDev: Guest Additions information report: Version 4.3.36 r105129 '4.3.36_Ubuntu'
00:00:24.772380 VMMDev: Guest Additions information report: Interface = 0x00010004 osType = 0x00053100 (Linux >= 2.6, 64-bit)
00:00:24.772591 VMMDev: Guest Additions capability report: (0x0 -> 0x0) seamless: no, hostWindowMapping: no, graphics: no
00:00:24.780515 VMMDev: Guest reported fixed hypervisor window at 00001800000 LB 0x3400000 (rc=VINF_SUCCESS)
00:00:24.785724 VMMDev: Guest Log: vboxguest: misc device minor 57, IRQ 20, I/O port d020, MMIO at 00000000f0400000 (size 0x400000)
00:00:26.508836 NAT: IPv6 not supported
00:00:26.577735 NAT: DHCP offered IP address 10.0.2.15
00:00:34.415871 VMMDev: Guest Log: VBoxService 4.3.36_Ubuntu r105129 (verbosity: 0) linux.amd64 (Jan 27 2016 11:57:44) release log
00:00:34.415906 VMMDev: Guest Log: 00:00:00.000189 main     Log opened 2017-03-23T11:59:25.390378000Z
00:00:34.418242 VMMDev: Guest Log: 00:00:00.001992 main     OS Product: Linux
00:00:34.418344 VMMDev: Guest Log: 00:00:00.002103 main     OS Release: 3.13.0-112-generic
00:00:34.418431 VMMDev: Guest Log: 00:00:00.002193 main     OS Version: #159-Ubuntu SMP Fri Mar 3 15:26:07 UTC 2017
00:00:34.418516 VMMDev: Guest Log: 00:00:00.002276 main     OS Service Pack: #159-Ubuntu SMP Fri Mar 3 15:26:07 UTC 2017
00:00:34.421111 VMMDev: Guest Log: 00:00:00.005523 main     Executable: /usr/sbin/VBoxService
00:00:34.421131 VMMDev: Guest Log: 00:00:00.005527 main     Process ID: 1019
00:00:34.421139 VMMDev: Guest Log: 00:00:00.005528 main     Package type: LINUX_64BITS_GENERIC (OSE)
00:00:34.429008 VMMDev: Guest Log: 00:00:00.012917 main     4.3.36_Ubuntu r105129 started. Verbose level = 0
00:06:39.571203 NAT: DNS#0: 192.168.0.1
