VirtualBox VM 5.1.14 r112924 win.amd64 (Jan 16 2017 16:36:58) release log
00:00:00.918052 Log opened 2017-03-26T12:52:43.636887700Z
00:00:00.918056 Build Type: release
00:00:00.918062 OS Product: Windows 8.1
00:00:00.918066 OS Release: 6.3.9600
00:00:00.918067 OS Service Pack: 
00:00:01.045739 DMI Product Name: Aspire V5-471P
00:00:01.074815 DMI Product Version: V2.13
00:00:01.074830 Host RAM: 3889MB (3.7GB) total, 1997MB available
00:00:01.074835 Executable: C:\Program Files\Oracle\VirtualBox\VBoxHeadless.exe
00:00:01.074836 Process ID: 62796
00:00:01.074837 Package type: WINDOWS_64BITS_GENERIC
00:00:01.076890 Installed Extension Packs:
00:00:01.076952   None installed!
00:00:01.077969 Console: Machine state changed to 'Starting'
00:00:01.505745 SUP: Loaded VMMR0.r0 (C:\Program Files\Oracle\VirtualBox\VMMR0.r0) at 0xfffff8000b809000 - ModuleInit at fffff8000b82c550 and ModuleTerm at fffff8000b82ca40 using the native ring-0 loader
00:00:01.505794 SUP: VMMR0EntryEx located at fffff8000b82f450 and VMMR0EntryFast at fffff8000b82d170
00:00:01.505806 SUP: windbg> .reload /f C:\Program Files\Oracle\VirtualBox\VMMR0.r0=0xfffff8000b809000
00:00:01.510138 Guest OS type: 'Ubuntu_64'
00:00:01.512189 fHMForced=true - Lots of RAM
00:00:01.512211 fHMForced=true - 64-bit guest
00:00:01.527836 File system of 'C:\Users\Aspire\VirtualBox VMs\Vagrantfile_default_1490362352302_24450\Snapshots' (snapshots) is unknown
00:00:01.527861 File system of 'C:\Users\Aspire\VirtualBox VMs\Vagrantfile_default_1490362352302_24450\box-disk1.vmdk' is ntfs
00:00:01.553803 Shared clipboard service loaded
00:00:01.553840 Shared clipboard mode: Off
00:00:01.574776 Drag and drop service loaded
00:00:01.574808 Drag and drop mode: Off
00:00:01.654728 Guest Control service loaded
00:00:02.887560 Per-VM extradata API settings:
00:00:02.887583   VBoxInternal2/SharedFoldersEnableSymlinksCreate/vagrant="1"
00:00:02.887934 ************************* CFGM dump *************************
00:00:02.887937 [/] (level 0)
00:00:02.887941   CSAMEnabled       <integer> = 0x0000000000000001 (1)
00:00:02.887945   CpuExecutionCap   <integer> = 0x0000000000000064 (100)
00:00:02.887948   EnablePAE         <integer> = 0x0000000000000000 (0)
00:00:02.887950   HMEnabled         <integer> = 0x0000000000000001 (1)
00:00:02.887952   MemBalloonSize    <integer> = 0x0000000000000000 (0)
00:00:02.887954   Name              <string>  = "Vagrantfile_default_1490362352302_24450" (cb=40)
00:00:02.887957   NumCPUs           <integer> = 0x0000000000000001 (1)
00:00:02.887959   PATMEnabled       <integer> = 0x0000000000000001 (1)
00:00:02.887961   PageFusionAllowed <integer> = 0x0000000000000000 (0)
00:00:02.887962   RamHoleSize       <integer> = 0x0000000020000000 (536 870 912, 512 MB)
00:00:02.887966   RamSize           <integer> = 0x0000000200000000 (8 589 934 592, 8 192 MB, 8 GB)
00:00:02.887971   RawR0Enabled      <integer> = 0x0000000000000001 (1)
00:00:02.887973   RawR3Enabled      <integer> = 0x0000000000000001 (1)
00:00:02.887975   TimerMillies      <integer> = 0x000000000000000a (10)
00:00:02.887977   UUID              <bytes>   = "b6 04 b9 b6 a8 84 2d 49 ad 94 5a e3 82 58 f2 65" (cb=16)
00:00:02.887984 
00:00:02.887984 [/CPUM/] (level 1)
00:00:02.887987   GuestCpuName       <string>  = "host" (cb=5)
00:00:02.887989   PortableCpuIdLevel <integer> = 0x0000000000000000 (0)
00:00:02.887991 
00:00:02.887992 [/DBGC/] (level 1)
00:00:02.887994   GlobalInitScript <string>  = "C:\Users\Aspire\.VirtualBox/dbgc-init" (cb=38)
00:00:02.887996   HistoryFile      <string>  = "C:\Users\Aspire\.VirtualBox/dbgc-history" (cb=41)
00:00:02.887997   LocalInitScript  <string>  = "C:\Users\Aspire\VirtualBox VMs\Vagrantfile_default_1490362352302_24450/dbgc-init" (cb=81)
00:00:02.887999 
00:00:02.888000 [/DBGF/] (level 1)
00:00:02.888002   Path <string>  = "C:\Users\Aspire\VirtualBox VMs\Vagrantfile_default_1490362352302_24450/debug/;C:\Users\Aspire\VirtualBox VMs\Vagrantfile_default_1490362352302_24450/;C:\Users\Aspire\" (cb=167)
00:00:02.888004 
00:00:02.888005 [/Devices/] (level 1)
00:00:02.888007 
00:00:02.888007 [/Devices/8237A/] (level 2)
00:00:02.888010 
00:00:02.888010 [/Devices/8237A/0/] (level 3)
00:00:02.888013   Trusted <integer> = 0x0000000000000001 (1)
00:00:02.888014 
00:00:02.888015 [/Devices/VMMDev/] (level 2)
00:00:02.888017 
00:00:02.888018 [/Devices/VMMDev/0/] (level 3)
00:00:02.888021   PCIBusNo      <integer> = 0x0000000000000000 (0)
00:00:02.888022   PCIDeviceNo   <integer> = 0x0000000000000004 (4)
00:00:02.888024   PCIFunctionNo <integer> = 0x0000000000000000 (0)
00:00:02.888026   Trusted       <integer> = 0x0000000000000001 (1)
00:00:02.888027 
00:00:02.888028 [/Devices/VMMDev/0/Config/] (level 4)
00:00:02.888031   GuestCoreDumpDir <string>  = "C:\Users\Aspire\VirtualBox VMs\Vagrantfile_default_1490362352302_24450\Snapshots" (cb=81)
00:00:02.888033   RamSize          <integer> = 0x0000000200000000 (8 589 934 592, 8 192 MB, 8 GB)
00:00:02.888037 
00:00:02.888038 [/Devices/VMMDev/0/LUN#0/] (level 4)
00:00:02.888040   Driver <string>  = "HGCM" (cb=5)
00:00:02.888042 
00:00:02.888042 [/Devices/VMMDev/0/LUN#0/Config/] (level 5)
00:00:02.888045   Object <integer> = 0x0000000001ec05c0 (32 245 184)
00:00:02.888048 
00:00:02.888048 [/Devices/VMMDev/0/LUN#999/] (level 4)
00:00:02.888051   Driver <string>  = "MainStatus" (cb=11)
00:00:02.888052 
00:00:02.888053 [/Devices/VMMDev/0/LUN#999/Config/] (level 5)
00:00:02.888056   First   <integer> = 0x0000000000000000 (0)
00:00:02.888057   Last    <integer> = 0x0000000000000000 (0)
00:00:02.888059   papLeds <integer> = 0x0000000001ebe3f8 (32 236 536)
00:00:02.888062 
00:00:02.888062 [/Devices/acpi/] (level 2)
00:00:02.888064 
00:00:02.888065 [/Devices/acpi/0/] (level 3)
00:00:02.888067   PCIBusNo      <integer> = 0x0000000000000000 (0)
00:00:02.888069   PCIDeviceNo   <integer> = 0x0000000000000007 (7)
00:00:02.888071   PCIFunctionNo <integer> = 0x0000000000000000 (0)
00:00:02.888072   Trusted       <integer> = 0x0000000000000001 (1)
00:00:02.888074 
00:00:02.888074 [/Devices/acpi/0/Config/] (level 4)
00:00:02.888078   CpuHotPlug          <integer> = 0x0000000000000000 (0)
00:00:02.888080   FdcEnabled          <integer> = 0x0000000000000000 (0)
00:00:02.888082   HostBusPciAddress   <integer> = 0x0000000000000000 (0)
00:00:02.888083   HpetEnabled         <integer> = 0x0000000000000000 (0)
00:00:02.888085   IOAPIC              <integer> = 0x0000000000000001 (1)
00:00:02.888087   IocPciAddress       <integer> = 0x0000000000010000 (65 536)
00:00:02.888089   NumCPUs             <integer> = 0x0000000000000001 (1)
00:00:02.888091   Parallel0IoPortBase <integer> = 0x0000000000000000 (0)
00:00:02.888093   Parallel0Irq        <integer> = 0x0000000000000000 (0)
00:00:02.888095   Parallel1IoPortBase <integer> = 0x0000000000000000 (0)
00:00:02.888096   Parallel1Irq        <integer> = 0x0000000000000000 (0)
00:00:02.888098   RamHoleSize         <integer> = 0x0000000020000000 (536 870 912, 512 MB)
00:00:02.888102   RamSize             <integer> = 0x0000000200000000 (8 589 934 592, 8 192 MB, 8 GB)
00:00:02.888106   Serial0IoPortBase   <integer> = 0x0000000000000000 (0)
00:00:02.888108   Serial0Irq          <integer> = 0x0000000000000000 (0)
00:00:02.888109   Serial1IoPortBase   <integer> = 0x0000000000000000 (0)
00:00:02.888111   Serial1Irq          <integer> = 0x0000000000000000 (0)
00:00:02.888113   ShowCpu             <integer> = 0x0000000000000001 (1)
00:00:02.888115   ShowRtc             <integer> = 0x0000000000000000 (0)
00:00:02.888116   SmcEnabled          <integer> = 0x0000000000000000 (0)
00:00:02.888118 
00:00:02.888119 [/Devices/acpi/0/LUN#0/] (level 4)
00:00:02.888121   Driver <string>  = "ACPIHost" (cb=9)
00:00:02.888123 
00:00:02.888123 [/Devices/acpi/0/LUN#0/Config/] (level 5)
00:00:02.888126 
00:00:02.888126 [/Devices/ahci/] (level 2)
00:00:02.888128 
00:00:02.888129 [/Devices/ahci/0/] (level 3)
00:00:02.888132   PCIBusNo      <integer> = 0x0000000000000000 (0)
00:00:02.888133   PCIDeviceNo   <integer> = 0x000000000000000d (13)
00:00:02.888135   PCIFunctionNo <integer> = 0x0000000000000000 (0)
00:00:02.888137   Trusted       <integer> = 0x0000000000000001 (1)
00:00:02.888138 
00:00:02.888139 [/Devices/ahci/0/Config/] (level 4)
00:00:02.888141   Bootable  <integer> = 0x0000000000000001 (1)
00:00:02.888143   PortCount <integer> = 0x0000000000000001 (1)
00:00:02.888145 
00:00:02.888145 [/Devices/ahci/0/Config/Port0/] (level 5)
00:00:02.888148   Hotpluggable        <integer> = 0x0000000000000001 (1)
00:00:02.888149   NonRotationalMedium <integer> = 0x0000000000000000 (0)
00:00:02.888151 
00:00:02.888152 [/Devices/ahci/0/LUN#0/] (level 4)
00:00:02.888154   Driver <string>  = "VD" (cb=3)
00:00:02.888155 
00:00:02.888156 [/Devices/ahci/0/LUN#0/Config/] (level 5)
00:00:02.888159   Format    <string>  = "VMDK" (cb=5)
00:00:02.888160   Mountable <integer> = 0x0000000000000000 (0)
00:00:02.888162   Path      <string>  = "C:\Users\Aspire\VirtualBox VMs\Vagrantfile_default_1490362352302_24450\box-disk1.vmdk" (cb=86)
00:00:02.888164   Type      <string>  = "HardDisk" (cb=9)
00:00:02.888165 
00:00:02.888166 [/Devices/ahci/0/LUN#999/] (level 4)
00:00:02.888168   Driver <string>  = "MainStatus" (cb=11)
00:00:02.888170 
00:00:02.888170 [/Devices/ahci/0/LUN#999/Config/] (level 5)
00:00:02.888173   DeviceInstance        <string>  = "ahci/0" (cb=7)
00:00:02.888175   First                 <integer> = 0x0000000000000000 (0)
00:00:02.888177   Last                  <integer> = 0x0000000000000000 (0)
00:00:02.888179   pConsole              <integer> = 0x0000000001ebdbf0 (32 234 480)
00:00:02.888182   papLeds               <integer> = 0x0000000001ebdff8 (32 235 512)
00:00:02.888184   pmapMediumAttachments <integer> = 0x0000000001ebe418 (32 236 568)
00:00:02.888187 
00:00:02.888187 [/Devices/apic/] (level 2)
00:00:02.888189 
00:00:02.888190 [/Devices/apic/0/] (level 3)
00:00:02.888192   Trusted <integer> = 0x0000000000000001 (1)
00:00:02.888193 
00:00:02.888194 [/Devices/apic/0/Config/] (level 4)
00:00:02.888196   IOAPIC  <integer> = 0x0000000000000001 (1)
00:00:02.888198   Mode    <integer> = 0x0000000000000002 (2)
00:00:02.888200   NumCPUs <integer> = 0x0000000000000001 (1)
00:00:02.888201 
00:00:02.888202 [/Devices/e1000/] (level 2)
00:00:02.888203 
00:00:02.888204 [/Devices/e1000/0/] (level 3)
00:00:02.888206   PCIBusNo      <integer> = 0x0000000000000000 (0)
00:00:02.888208   PCIDeviceNo   <integer> = 0x0000000000000003 (3)
00:00:02.888209   PCIFunctionNo <integer> = 0x0000000000000000 (0)
00:00:02.888211   Trusted       <integer> = 0x0000000000000001 (1)
00:00:02.888212 
00:00:02.888213 [/Devices/e1000/0/Config/] (level 4)
00:00:02.888215   AdapterType    <integer> = 0x0000000000000000 (0)
00:00:02.888217   CableConnected <integer> = 0x0000000000000001 (1)
00:00:02.888218   LineSpeed      <integer> = 0x0000000000000000 (0)
00:00:02.888220   MAC            <bytes>   = "08 00 27 93 72 6b" (cb=6)
00:00:02.888223 
00:00:02.888224 [/Devices/e1000/0/LUN#0/] (level 4)
00:00:02.888226   Driver <string>  = "NAT" (cb=4)
00:00:02.888228 
00:00:02.888228 [/Devices/e1000/0/LUN#0/Config/] (level 5)
00:00:02.888231   AliasMode       <integer> = 0x0000000000000000 (0)
00:00:02.888233   BootFile        <string>  = "Vagrantfile_default_1490362352302_24450.pxe" (cb=44)
00:00:02.888234   DNSProxy        <integer> = 0x0000000000000001 (1)
00:00:02.888236   Network         <string>  = "10.0.2.0/24" (cb=12)
00:00:02.888238   PassDomain      <integer> = 0x0000000000000001 (1)
00:00:02.888240   TFTPPrefix      <string>  = "C:\Users\Aspire\.VirtualBox\TFTP" (cb=33)
00:00:02.888242   UseHostResolver <integer> = 0x0000000000000000 (0)
00:00:02.888243 
00:00:02.888244 [/Devices/e1000/0/LUN#0/Config/PortForwarding/] (level 6)
00:00:02.888247 
00:00:02.888247 [/Devices/e1000/0/LUN#0/Config/PortForwarding/0/] (level 7)
00:00:02.888250   BindIP    <string>  = "127.0.0.1" (cb=10)
00:00:02.888252   GuestPort <integer> = 0x0000000000000016 (22)
00:00:02.888254   HostPort  <integer> = 0x00000000000008ae (2 222)
00:00:02.888256   Name      <string>  = "ssh" (cb=4)
00:00:02.888257   Protocol  <string>  = "TCP" (cb=4)
00:00:02.888259 
00:00:02.888259 [/Devices/e1000/0/LUN#0/Config/PortForwarding/1/] (level 7)
00:00:02.888262   GuestPort <integer> = 0x0000000000006989 (27 017)
00:00:02.888265   HostPort  <integer> = 0x0000000000006989 (27 017)
00:00:02.888267   Name      <string>  = "tcp27017" (cb=9)
00:00:02.888268   Protocol  <string>  = "TCP" (cb=4)
00:00:02.888269 
00:00:02.888270 [/Devices/e1000/0/LUN#0/Config/PortForwarding/2/] (level 7)
00:00:02.888273   GuestPort <integer> = 0x0000000000001ba5 (7 077)
00:00:02.888275   HostPort  <integer> = 0x0000000000001ba5 (7 077)
00:00:02.888277   Name      <string>  = "tcp7077" (cb=8)
00:00:02.888278   Protocol  <string>  = "TCP" (cb=4)
00:00:02.888279 
00:00:02.888280 [/Devices/e1000/0/LUN#0/Config/PortForwarding/3/] (level 7)
00:00:02.888283   GuestPort <integer> = 0x0000000000001f90 (8 080)
00:00:02.888285   HostPort  <integer> = 0x0000000000001f90 (8 080)
00:00:02.888287   Name      <string>  = "tcp8080" (cb=8)
00:00:02.888288   Protocol  <string>  = "TCP" (cb=4)
00:00:02.888289 
00:00:02.888290 [/Devices/e1000/0/LUN#999/] (level 4)
00:00:02.888292   Driver <string>  = "MainStatus" (cb=11)
00:00:02.888293 
00:00:02.888294 [/Devices/e1000/0/LUN#999/Config/] (level 5)
00:00:02.888297   First   <integer> = 0x0000000000000000 (0)
00:00:02.888298   Last    <integer> = 0x0000000000000000 (0)
00:00:02.888300   papLeds <integer> = 0x0000000001ebe2d8 (32 236 248)
00:00:02.888302 
00:00:02.888303 [/Devices/i8254/] (level 2)
00:00:02.888305 
00:00:02.888305 [/Devices/i8254/0/] (level 3)
00:00:02.888307 
00:00:02.888308 [/Devices/i8254/0/Config/] (level 4)
00:00:02.888310 
00:00:02.888311 [/Devices/i8259/] (level 2)
00:00:02.888312 
00:00:02.888313 [/Devices/i8259/0/] (level 3)
00:00:02.888315   Trusted <integer> = 0x0000000000000001 (1)
00:00:02.888317 
00:00:02.888317 [/Devices/i8259/0/Config/] (level 4)
00:00:02.888319 
00:00:02.888320 [/Devices/ioapic/] (level 2)
00:00:02.888322 
00:00:02.888322 [/Devices/ioapic/0/] (level 3)
00:00:02.888324   Trusted <integer> = 0x0000000000000001 (1)
00:00:02.888326 
00:00:02.888326 [/Devices/ioapic/0/Config/] (level 4)
00:00:02.888328   NumCPUs <integer> = 0x0000000000000001 (1)
00:00:02.888330 
00:00:02.888331 [/Devices/mc146818/] (level 2)
00:00:02.888332 
00:00:02.888333 [/Devices/mc146818/0/] (level 3)
00:00:02.888335 
00:00:02.888336 [/Devices/mc146818/0/Config/] (level 4)
00:00:02.888338   UseUTC <integer> = 0x0000000000000001 (1)
00:00:02.888339 
00:00:02.888340 [/Devices/parallel/] (level 2)
00:00:02.888342 
00:00:02.888342 [/Devices/pcarch/] (level 2)
00:00:02.888344 
00:00:02.888345 [/Devices/pcarch/0/] (level 3)
00:00:02.888347   Trusted <integer> = 0x0000000000000001 (1)
00:00:02.888348 
00:00:02.888349 [/Devices/pcarch/0/Config/] (level 4)
00:00:02.888351 
00:00:02.888351 [/Devices/pcbios/] (level 2)
00:00:02.888353 
00:00:02.888354 [/Devices/pcbios/0/] (level 3)
00:00:02.888356   Trusted <integer> = 0x0000000000000001 (1)
00:00:02.888357 
00:00:02.888358 [/Devices/pcbios/0/Config/] (level 4)
00:00:02.888360   APIC               <integer> = 0x0000000000000001 (1)
00:00:02.888362   BootDevice0        <string>  = "IDE" (cb=4)
00:00:02.888364   BootDevice1        <string>  = "NONE" (cb=5)
00:00:02.888366   BootDevice2        <string>  = "NONE" (cb=5)
00:00:02.888367   BootDevice3        <string>  = "NONE" (cb=5)
00:00:02.888368   FloppyDevice       <string>  = "i82078" (cb=7)
00:00:02.888370   HardDiskDevice     <string>  = "piix3ide" (cb=9)
00:00:02.888371   IOAPIC             <integer> = 0x0000000000000001 (1)
00:00:02.888373   McfgBase           <integer> = 0x0000000000000000 (0)
00:00:02.888375   McfgLength         <integer> = 0x0000000000000000 (0)
00:00:02.888377   NumCPUs            <integer> = 0x0000000000000001 (1)
00:00:02.888379   PXEDebug           <integer> = 0x0000000000000000 (0)
00:00:02.888380   RamHoleSize        <integer> = 0x0000000020000000 (536 870 912, 512 MB)
00:00:02.888384   RamSize            <integer> = 0x0000000200000000 (8 589 934 592, 8 192 MB, 8 GB)
00:00:02.888388   SataHardDiskDevice <string>  = "ahci" (cb=5)
00:00:02.888389   SataLUN1           <integer> = 0x0000000000000000 (0)
00:00:02.888391   UUID               <bytes>   = "b6 04 b9 b6 a8 84 2d 49 ad 94 5a e3 82 58 f2 65" (cb=16)
00:00:02.888396 
00:00:02.888397 [/Devices/pcbios/0/Config/NetBoot/] (level 5)
00:00:02.888399 
00:00:02.888400 [/Devices/pcbios/0/Config/NetBoot/0/] (level 6)
00:00:02.888403   NIC           <integer> = 0x0000000000000000 (0)
00:00:02.888405   PCIBusNo      <integer> = 0x0000000000000000 (0)
00:00:02.888406   PCIDeviceNo   <integer> = 0x0000000000000003 (3)
00:00:02.888408   PCIFunctionNo <integer> = 0x0000000000000000 (0)
00:00:02.888409 
00:00:02.888410 [/Devices/pci/] (level 2)
00:00:02.888412 
00:00:02.888412 [/Devices/pci/0/] (level 3)
00:00:02.888414   Trusted <integer> = 0x0000000000000001 (1)
00:00:02.888416 
00:00:02.888416 [/Devices/pci/0/Config/] (level 4)
00:00:02.888419   IOAPIC <integer> = 0x0000000000000001 (1)
00:00:02.888420 
00:00:02.888421 [/Devices/pckbd/] (level 2)
00:00:02.888422 
00:00:02.888423 [/Devices/pckbd/0/] (level 3)
00:00:02.888425   Trusted <integer> = 0x0000000000000001 (1)
00:00:02.888426 
00:00:02.888427 [/Devices/pckbd/0/Config/] (level 4)
00:00:02.888429 
00:00:02.888430 [/Devices/pckbd/0/LUN#0/] (level 4)
00:00:02.888432   Driver <string>  = "KeyboardQueue" (cb=14)
00:00:02.888434 
00:00:02.888434 [/Devices/pckbd/0/LUN#0/AttachedDriver/] (level 5)
00:00:02.888437   Driver <string>  = "MainKeyboard" (cb=13)
00:00:02.888438 
00:00:02.888439 [/Devices/pckbd/0/LUN#0/AttachedDriver/Config/] (level 6)
00:00:02.888442   Object <integer> = 0x0000000001ebd820 (32 233 504)
00:00:02.888444 
00:00:02.888445 [/Devices/pckbd/0/LUN#0/Config/] (level 5)
00:00:02.888447   QueueSize <integer> = 0x0000000000000040 (64)
00:00:02.888449 
00:00:02.888450 [/Devices/pckbd/0/LUN#1/] (level 4)
00:00:02.888452   Driver <string>  = "MouseQueue" (cb=11)
00:00:02.888453 
00:00:02.888454 [/Devices/pckbd/0/LUN#1/AttachedDriver/] (level 5)
00:00:02.888456   Driver <string>  = "MainMouse" (cb=10)
00:00:02.888458 
00:00:02.888458 [/Devices/pckbd/0/LUN#1/AttachedDriver/Config/] (level 6)
00:00:02.888461   Object <integer> = 0x0000000001ec4780 (32 262 016)
00:00:02.888463 
00:00:02.888464 [/Devices/pckbd/0/LUN#1/Config/] (level 5)
00:00:02.888466   QueueSize <integer> = 0x0000000000000080 (128)
00:00:02.888468 
00:00:02.888469 [/Devices/pcnet/] (level 2)
00:00:02.888471 
00:00:02.888471 [/Devices/serial/] (level 2)
00:00:02.888473 
00:00:02.888474 [/Devices/vga/] (level 2)
00:00:02.888475 
00:00:02.888476 [/Devices/vga/0/] (level 3)
00:00:02.888478   PCIBusNo      <integer> = 0x0000000000000000 (0)
00:00:02.888480   PCIDeviceNo   <integer> = 0x0000000000000002 (2)
00:00:02.888481   PCIFunctionNo <integer> = 0x0000000000000000 (0)
00:00:02.888483   Trusted       <integer> = 0x0000000000000001 (1)
00:00:02.888484 
00:00:02.888485 [/Devices/vga/0/Config/] (level 4)
00:00:02.888487   CustomVideoModes <integer> = 0x0000000000000000 (0)
00:00:02.888489   FadeIn           <integer> = 0x0000000000000001 (1)
00:00:02.888491   FadeOut          <integer> = 0x0000000000000001 (1)
00:00:02.888493   HeightReduction  <integer> = 0x0000000000000000 (0)
00:00:02.888494   LogoFile         <string>  = "" (cb=1)
00:00:02.888496   LogoTime         <integer> = 0x0000000000000000 (0)
00:00:02.888498   MonitorCount     <integer> = 0x0000000000000001 (1)
00:00:02.888499   ShowBootMenu     <integer> = 0x0000000000000002 (2)
00:00:02.888501   VRamSize         <integer> = 0x0000000000c00000 (12 582 912, 12 MB)
00:00:02.888504 
00:00:02.888504 [/Devices/vga/0/LUN#0/] (level 4)
00:00:02.888507   Driver <string>  = "MainDisplay" (cb=12)
00:00:02.888508 
00:00:02.888509 [/Devices/vga/0/LUN#0/Config/] (level 5)
00:00:02.888511   Object <integer> = 0x0000000001ec4ff0 (32 264 176)
00:00:02.888513 
00:00:02.888514 [/Devices/vga/0/LUN#999/] (level 4)
00:00:02.888516   Driver <string>  = "MainStatus" (cb=11)
00:00:02.888517 
00:00:02.888518 [/Devices/vga/0/LUN#999/Config/] (level 5)
00:00:02.888521   First   <integer> = 0x0000000000000000 (0)
00:00:02.888522   Last    <integer> = 0x0000000000000000 (0)
00:00:02.888524   papLeds <integer> = 0x0000000001ebe410 (32 236 560)
00:00:02.888526 
00:00:02.888526 [/Devices/virtio-net/] (level 2)
00:00:02.888528 
00:00:02.888529 [/EM/] (level 1)
00:00:02.888531   TripleFaultReset <integer> = 0x0000000000000000 (0)
00:00:02.888532 
00:00:02.888533 [/GIM/] (level 1)
00:00:02.888535   Provider <string>  = "None" (cb=5)
00:00:02.888536 
00:00:02.888537 [/HM/] (level 1)
00:00:02.888539   64bitEnabled       <integer> = 0x0000000000000001 (1)
00:00:02.888540   EnableLargePages   <integer> = 0x0000000000000000 (0)
00:00:02.888542   EnableNestedPaging <integer> = 0x0000000000000001 (1)
00:00:02.888543   EnableUX           <integer> = 0x0000000000000001 (1)
00:00:02.888545   EnableVPID         <integer> = 0x0000000000000001 (1)
00:00:02.888547   Exclusive          <integer> = 0x0000000000000000 (0)
00:00:02.888549   HMForced           <integer> = 0x0000000000000001 (1)
00:00:02.888550 
00:00:02.888551 [/MM/] (level 1)
00:00:02.888552   CanUseLargerHeap <integer> = 0x0000000000000000 (0)
00:00:02.888554 
00:00:02.888555 [/PDM/] (level 1)
00:00:02.888556 
00:00:02.888557 [/PDM/AsyncCompletion/] (level 2)
00:00:02.888559 
00:00:02.888559 [/PDM/AsyncCompletion/File/] (level 3)
00:00:02.888561 
00:00:02.888562 [/PDM/AsyncCompletion/File/BwGroups/] (level 4)
00:00:02.888564 
00:00:02.888565 [/PDM/BlkCache/] (level 2)
00:00:02.888567   CacheSize <integer> = 0x0000000000500000 (5 242 880, 5 MB)
00:00:02.888569 
00:00:02.888570 [/PDM/Devices/] (level 2)
00:00:02.888572 
00:00:02.888572 [/PDM/Drivers/] (level 2)
00:00:02.888574 
00:00:02.888575 [/PDM/Drivers/VBoxC/] (level 3)
00:00:02.888577   Path <string>  = "VBoxC" (cb=6)
00:00:02.888578 
00:00:02.888578 [/PDM/NetworkShaper/] (level 2)
00:00:02.888580 
00:00:02.888581 [/PDM/NetworkShaper/BwGroups/] (level 3)
00:00:02.888583 
00:00:02.888584 [/TM/] (level 1)
00:00:02.888585   UTCOffset <integer> = 0x0000000000000000 (0)
00:00:02.888587 
00:00:02.888588 ********************* End of CFGM dump **********************
00:00:02.888652 VM: fHMEnabled=true  (configured) fRecompileUser=false fRecompileSupervisor=false
00:00:02.888656 VM: fRawRing1Enabled=false CSAM=true  PATM=true 
00:00:02.889012 HM: HMR3Init: VT-x w/ nested paging and unrestricted guest execution hw support
00:00:02.889215 MM: cbHyperHeap=0x100000 (1048576)
00:00:02.894517 CPUM: fXStateHostMask=0x7; initial: 0x7; host XCR0=0x7
00:00:02.896898 CPUM: Matched host CPU INTEL 0x6/0x2a/0x7 Intel_Core7_SandyBridge with CPU DB entry 'Intel Core i7-2635QM' (INTEL 0x6/0x2a/0x7 Intel_Core7_SandyBridge)
00:00:02.897322 CPUM: VCPU  0: Cached APIC base MSR = 0x0
00:00:02.902322 PGM: HCPhysInterPD=00000000d14bf000 HCPhysInterPaePDPT=00000000d14bc000 HCPhysInterPaePML4=00000000d14ba000
00:00:02.902346 PGM: apInterPTs={00000000d14be000,00000000d14bd000} apInterPaePTs={000000009780e000,00000000227cf000} apInterPaePDs={000000010f5d0000,0000000017411000,0000000070dd2000,000000003af13000} pInterPaePDPT64=00000000d14bb000
00:00:02.902366 PGM: Host paging mode: AMD64+PGE+NX
00:00:02.902441 PGM: PGMPool: cMaxPages=4144 (u64MaxPages=4136)
00:00:02.902451 PGM: pgmR3PoolInit: cMaxPages=0x1030 cMaxUsers=0x2060 cMaxPhysExts=0x2000 fCacheEnable=true 
00:00:03.006037 TM: GIP - u32Mode=3 (Invariant) u32UpdateHz=93 u32UpdateIntervalNS=10752500 enmUseTscDelta=2 (Pratically Zero) fGetGipCpu=0x1 cCpus=4
00:00:03.006077 TM: GIP - u64CpuHz=1 396 827 099 (0x5341e3db)  SUPGetCpuHzFromGip => 1 396 827 099
00:00:03.006090 TM: GIP - CPU: iCpuSet=0x0 idCpu=0x0 idApic=0x0 iGipCpu=0x0 i64TSCDelta=0 enmState=3 u64CpuHz=1396827099(*) cErrors=0
00:00:03.006100 TM: GIP - CPU: iCpuSet=0x1 idCpu=0x1 idApic=0x1 iGipCpu=0x2 i64TSCDelta=0 enmState=3 u64CpuHz=1396822846(*) cErrors=0
00:00:03.006109 TM: GIP - CPU: iCpuSet=0x2 idCpu=0x2 idApic=0x2 iGipCpu=0x3 i64TSCDelta=0 enmState=3 u64CpuHz=1396827034(*) cErrors=0
00:00:03.006197 TM: GIP - CPU: iCpuSet=0x3 idCpu=0x3 idApic=0x3 iGipCpu=0x1 i64TSCDelta=0 enmState=3 u64CpuHz=1396834532(*) cErrors=0
00:00:03.006375 TM: cTSCTicksPerSecond=1 396 827 099 (0x5341e3db) enmTSCMode=3 (Dynamic)
00:00:03.006380 TM: TSCTiedToExecution=false TSCNotTiedToHalt=false
00:00:03.007891 VMM: CoreCode: R3=000000000ab70000 R0=ffffd001d4bf2000 RC=a0ffa000 Phys=00000000d149d000 cb=0x1000
00:00:03.008600 IEM: TargetCpu=CURRENT, Microarch=Intel_Core7_SandyBridge
00:00:03.009400 GIM: Using provider 'None' (Implementation version: 0)
00:00:03.009629 AIOMgr: Default manager type is 'Async'
00:00:03.009641 AIOMgr: Default file backend is 'NonBuffered'
00:00:03.010060 BlkCache: Cache successfully initialized. Cache size is 5242880 bytes
00:00:03.010075 BlkCache: Cache commit interval is 10000 ms
00:00:03.010083 BlkCache: Cache commit threshold is 2621440 bytes
00:00:03.651147 PcBios: [SMP] BIOS with 1 CPUs
00:00:03.651361 PcBios: Using the 386+ BIOS image.
00:00:03.652330 PcBios: MPS table at 000e1300
00:00:03.654669 PcBios: fCheckShutdownStatusForSoftReset=true   fClearShutdownStatusOnHardReset=true 
00:00:03.697955 SUP: Loaded VBoxDDR0.r0 (C:\Program Files\Oracle\VirtualBox\VBoxDDR0.r0) at 0xfffff8000b91b000 - ModuleInit at 0000000000000000 and ModuleTerm at 0000000000000000 using the native ring-0 loader
00:00:03.697986 SUP: windbg> .reload /f C:\Program Files\Oracle\VirtualBox\VBoxDDR0.r0=0xfffff8000b91b000
00:00:03.699551 CPUM: SetGuestCpuIdFeature: Enabled xAPIC
00:00:03.700627 IOAPIC: Using implementation 2.0!
00:00:03.700829 PIT: mode=3 count=0x10000 (65536) - 18.20 Hz (ch=0)
00:00:03.722786 Shared Folders service loaded
00:00:03.728329 VGA: Using the 386+ BIOS image.
00:00:03.737827 DrvVD: Flushes will be ignored
00:00:03.737857 DrvVD: Async flushes will be passed to the disk
00:00:03.738250 VD: VDInit finished
00:00:03.771697 VD: Opening the disk took 33783911 ns
00:00:03.771882 AHCI: LUN#0: disk, PCHS=16383/16/63, total number of sectors 83886080
00:00:03.771952 AHCI: LUN#0: using normal I/O
00:00:03.772342 AHCI#0: Reset the HBA
00:00:03.772542 E1000#0 Chip=82540EM LinkUpDelay=5000ms EthernetCRC=on GSO=enabled Itr=enabled ItrRx=enabled R0=enabled GC=enabled
00:00:03.783959 NAT: Guest address guess set to 10.0.2.15 by initialization
00:00:03.790776 NAT: DNS#0: 192.168.0.1
00:00:03.841741 NAT: Set redirect TCP 127.0.0.1:2222 -> 0.0.0.0:22
00:00:03.841887 NAT: Set redirect TCP 0.0.0.0:27017 -> 0.0.0.0:27017
00:00:03.842019 NAT: Set redirect TCP 0.0.0.0:7077 -> 0.0.0.0:7077
00:00:03.842139 NAT: Set redirect TCP 0.0.0.0:8080 -> 0.0.0.0:8080
00:00:03.844601 PGM: The CPU physical address width is 36 bits
00:00:03.844626 PGM: PGMR3InitFinalize: 4 MB PSE mask 0000000fffffffff
00:00:03.845017 TM: TMR3InitFinalize: fTSCModeSwitchAllowed=false
00:00:03.902192 VMM: Thread-context hooks unavailable
00:00:03.905954 HM: Using VT-x implementation 2.0
00:00:03.905956 HM: Host CR4                        = 0x406f8
00:00:03.905960 HM: Host EFER                       = 0xd01
00:00:03.905962 HM: MSR_IA32_SMM_MONITOR_CTL        = 0x0
00:00:03.905963 HM: MSR_IA32_FEATURE_CONTROL        = 0x5
00:00:03.905964 HM: MSR_IA32_VMX_BASIC_INFO         = 0xda040000000010
00:00:03.905966 HM:   VMCS id                         = 0x10
00:00:03.905969 HM:   VMCS size                       = 1024 bytes
00:00:03.905971 HM:   VMCS physical address limit     = None
00:00:03.905972 HM:   VMCS memory type                = 0x6
00:00:03.905974 HM:   Dual-monitor treatment support  = true 
00:00:03.905976 HM:   OUTS & INS instruction-info     = true 
00:00:03.905978 HM: Max resume loops                = 1024
00:00:03.905980 HM: MSR_IA32_VMX_PINBASED_CTLS      = 0x7f00000016
00:00:03.905982 HM:   EXT_INT_EXIT
00:00:03.905984 HM:   NMI_EXIT
00:00:03.905985 HM:   VIRTUAL_NMI
00:00:03.905986 HM:   PREEMPT_TIMER
00:00:03.905988 HM:   POSTED_INTR (must be cleared)
00:00:03.905989 HM: MSR_IA32_VMX_PROCBASED_CTLS     = 0xfff9fffe0401e172
00:00:03.905992 HM:   INT_WINDOW_EXIT
00:00:03.905994 HM:   USE_TSC_OFFSETTING
00:00:03.905995 HM:   HLT_EXIT
00:00:03.905996 HM:   INVLPG_EXIT
00:00:03.905997 HM:   MWAIT_EXIT
00:00:03.905999 HM:   RDPMC_EXIT
00:00:03.906000 HM:   RDTSC_EXIT
00:00:03.906001 HM:   CR3_LOAD_EXIT (must be set)
00:00:03.906002 HM:   CR3_STORE_EXIT (must be set)
00:00:03.906004 HM:   CR8_LOAD_EXIT
00:00:03.906005 HM:   CR8_STORE_EXIT
00:00:03.906006 HM:   USE_TPR_SHADOW
00:00:03.906007 HM:   NMI_WINDOW_EXIT
00:00:03.906008 HM:   MOV_DR_EXIT
00:00:03.906008 HM:   UNCOND_IO_EXIT
00:00:03.906009 HM:   USE_IO_BITMAPS
00:00:03.906010 HM:   MONITOR_TRAP_FLAG
00:00:03.906011 HM:   USE_MSR_BITMAPS
00:00:03.906012 HM:   MONITOR_EXIT
00:00:03.906012 HM:   PAUSE_EXIT
00:00:03.906013 HM:   USE_SECONDARY_EXEC_CTRL
00:00:03.906048 HM: MSR_IA32_VMX_PROCBASED_CTLS2    = 0xff00000000
00:00:03.906050 HM:   VIRT_APIC
00:00:03.906051 HM:   EPT
00:00:03.906052 HM:   DESCRIPTOR_TABLE_EXIT
00:00:03.906052 HM:   RDTSCP
00:00:03.906053 HM:   VIRT_X2APIC
00:00:03.906054 HM:   VPID
00:00:03.906055 HM:   WBINVD_EXIT
00:00:03.906056 HM:   UNRESTRICTED_GUEST
00:00:03.906091 HM:   APIC_REG_VIRT (must be cleared)
00:00:03.906093 HM:   VIRT_INTR_DELIVERY (must be cleared)
00:00:03.906095 HM:   PAUSE_LOOP_EXIT (must be cleared)
00:00:03.906096 HM:   RDRAND_EXIT (must be cleared)
00:00:03.906098 HM:   INVPCID (must be cleared)
00:00:03.906099 HM:   VMFUNC (must be cleared)
00:00:03.906100 HM:   VMCS_SHADOWING (must be cleared)
00:00:03.906101 HM:   ENCLS_EXIT (must be cleared)
00:00:03.906103 HM:   RDSEED_EXIT (must be cleared)
00:00:03.906104 HM:   PML (must be cleared)
00:00:03.906105 HM:   EPT_VE (must be cleared)
00:00:03.906106 HM:   CONCEAL_FROM_PT (must be cleared)
00:00:03.906108 HM:   XSAVES_XRSTORS (must be cleared)
00:00:03.906109 HM:   TSC_SCALING (must be cleared)
00:00:03.906110 HM: MSR_IA32_VMX_ENTRY_CTLS         = 0xffff000011ff
00:00:03.906113 HM:   LOAD_DEBUG (must be set)
00:00:03.906114 HM:   IA32E_MODE_GUEST
00:00:03.906115 HM:   ENTRY_SMM
00:00:03.906116 HM:   DEACTIVATE_DUALMON
00:00:03.906116 HM:   LOAD_GUEST_PERF_MSR
00:00:03.906117 HM:   LOAD_GUEST_PAT_MSR
00:00:03.906118 HM:   LOAD_GUEST_EFER_MSR
00:00:03.906119 HM: MSR_IA32_VMX_EXIT_CTLS          = 0x7fffff00036dff
00:00:03.906121 HM:   SAVE_DEBUG (must be set)
00:00:03.906122 HM:   HOST_ADDR_SPACE_SIZE
00:00:03.906123 HM:   LOAD_PERF_MSR
00:00:03.906123 HM:   ACK_EXT_INT
00:00:03.906124 HM:   SAVE_GUEST_PAT_MSR
00:00:03.906125 HM:   LOAD_HOST_PAT_MSR
00:00:03.906126 HM:   SAVE_GUEST_EFER_MSR
00:00:03.906127 HM:   LOAD_HOST_EFER_MSR
00:00:03.906128 HM:   SAVE_VMX_PREEMPT_TIMER
00:00:03.906130 HM: MSR_IA32_VMX_EPT_VPID_CAP       = 0xf0106114141
00:00:03.906132 HM:   RWX_X_ONLY
00:00:03.906133 HM:   PAGE_WALK_LENGTH_4
00:00:03.906134 HM:   EMT_UC
00:00:03.906135 HM:   EMT_WB
00:00:03.906137 HM:   PDE_2M
00:00:03.906138 HM:   INVEPT
00:00:03.906139 HM:   INVEPT_SINGLE_CONTEXT
00:00:03.906140 HM:   INVEPT_ALL_CONTEXTS
00:00:03.906141 HM:   INVVPID
00:00:03.906143 HM:   INVVPID_INDIV_ADDR
00:00:03.906144 HM:   INVVPID_SINGLE_CONTEXT
00:00:03.906145 HM:   INVVPID_ALL_CONTEXTS
00:00:03.906147 HM:   INVVPID_SINGLE_CONTEXT_RETAIN_GLOBALS
00:00:03.906148 HM: MSR_IA32_VMX_MISC               = 0x100401e5
00:00:03.906151 HM:   PREEMPT_TSC_BIT                 = 0x5
00:00:03.906152 HM:   STORE_EFERLMA_VMEXIT            = true 
00:00:03.906154 HM:   ACTIVITY_STATES                 = 0x7
00:00:03.906156 HM:   CR3_TARGET                      = 0x4
00:00:03.906158 HM:   MAX_MSR                         = 512
00:00:03.906160 HM:   RDMSR_SMBASE_MSR_SMM            = false
00:00:03.906162 HM:   SMM_MONITOR_CTL_B2              = true 
00:00:03.906164 HM:   VMWRITE_VMEXIT_INFO             = false
00:00:03.906165 HM:   MSEG_ID                         = 0x0
00:00:03.906167 HM: MSR_IA32_VMX_CR0_FIXED0         = 0x80000021
00:00:03.906168 HM: MSR_IA32_VMX_CR0_FIXED1         = 0xffffffff
00:00:03.906170 HM: MSR_IA32_VMX_CR4_FIXED0         = 0x2000
00:00:03.906171 HM: MSR_IA32_VMX_CR4_FIXED1         = 0x627ff
00:00:03.906173 HM: MSR_IA32_VMX_VMCS_ENUM          = 0x2a
00:00:03.906174 HM:   HIGHEST_INDEX                   = 0x15
00:00:03.906175 HM: APIC-access page physaddr       = 0x00000000d149c000
00:00:03.906177 HM: VCPU  0: MSR bitmap physaddr    = 0x00000000d1499000
00:00:03.906180 HM: VCPU  0: VMCS physaddr          = 0x00000000d149b000
00:00:03.906182 HM: Guest support: 32-bit and 64-bit
00:00:03.906194 HM: Supports VMCS EFER fields       = true 
00:00:03.906196 HM: Enabled VMX
00:00:03.906199 CPUM: SetGuestCpuIdFeature: Enabled SYSENTER/EXIT
00:00:03.906201 CPUM: SetGuestCpuIdFeature: Enabled PAE
00:00:03.906202 CPUM: SetGuestCpuIdFeature: Enabled LONG MODE
00:00:03.906203 CPUM: SetGuestCpuIdFeature: Enabled SYSCALL/RET
00:00:03.906204 CPUM: SetGuestCpuIdFeature: Enabled LAHF/SAHF
00:00:03.906205 CPUM: SetGuestCpuIdFeature: Enabled NX
00:00:03.906206 HM: Enabled nested paging
00:00:03.906206 HM:   EPT flush type                = VMXFLUSHEPT_SINGLE_CONTEXT
00:00:03.906207 HM: Enabled unrestricted guest execution
00:00:03.906208 HM: Enabled VPID
00:00:03.906209 HM:   VPID flush type               = VMXFLUSHVPID_SINGLE_CONTEXT
00:00:03.906210 HM: Enabled VMX-preemption timer (cPreemptTimerShift=5)
00:00:03.906212 HM: VT-x/AMD-V init method: LOCAL
00:00:03.906218 CPUM: VCPU  0: Cached APIC base MSR = 0xfee00900
00:00:03.906394 VMM: fUsePeriodicPreemptionTimers=false
00:00:03.906580 CPUM: Logical host processors: 4 present, 4 max, 4 online, online mask: 000000000000000f
00:00:03.906586 CPUM: Physical host cores: 2
00:00:03.906588 ************************* CPUID dump ************************
00:00:03.906678          Raw Standard CPUID Leaves
00:00:03.906680      Leaf/sub-leaf  eax      ebx      ecx      edx
00:00:03.906713 Gst: 00000000/0000  0000000d 756e6547 6c65746e 49656e69
00:00:03.906717 Hst:                0000000d 756e6547 6c65746e 49656e69
00:00:03.906719 Gst: 00000001/0000  000206a7 00000800 1498220b 078bfbff
00:00:03.906722 Hst:                000206a7 03100800 1dbae3bf bfebfbff
00:00:03.906724 Gst: 00000002/0000  76035a01 00f0b2ff 00000000 00ca0000
00:00:03.906727 Hst:                76035a01 00f0b2ff 00000000 00ca0000
00:00:03.906729 Gst: 00000003/0000  00000000 00000000 00000000 00000000
00:00:03.906731 Hst:                00000000 00000000 00000000 00000000
00:00:03.906733 Gst: 00000004/0000  00000121 01c0003f 0000003f 00000000
00:00:03.906735 Hst:                1c004121 01c0003f 0000003f 00000000
00:00:03.906738 Gst: 00000004/0001  00000122 01c0003f 0000003f 00000000
00:00:03.906741 Hst:                1c004122 01c0003f 0000003f 00000000
00:00:03.906744 Gst: 00000004/0002  00000143 01c0003f 000001ff 00000000
00:00:03.906748 Hst:                1c004143 01c0003f 000001ff 00000000
00:00:03.906751 Gst: 00000004/0003  00000163 02c0003f 00000fff 00000006
00:00:03.906753 Hst:                1c03c163 02c0003f 00000fff 00000006
00:00:03.906757 Gst: 00000004/0004  00000000 00000000 00000000 00000000
00:00:03.906760 Hst:                00000000 00000000 00000000 00000000
00:00:03.906763 Gst: 00000005/0000  00000040 00000040 00000000 00000000
00:00:03.906765 Hst:                00000040 00000040 00000003 00021120
00:00:03.906767 Gst: 00000006/0000  00000000 00000000 00000000 00000000
00:00:03.906769 Hst:                00000075 00000002 00000009 00000000
00:00:03.906771 Gst: 00000007/0000  00000000 00000000 00000000 00000000
00:00:03.906772 Hst:                00000000 00000000 00000000 00000000
00:00:03.906774 Gst: 00000008/0000  00000000 00000000 00000000 00000000
00:00:03.906775 Hst:                00000000 00000000 00000000 00000000
00:00:03.906777 Gst: 00000009/0000  00000000 00000000 00000000 00000000
00:00:03.906779 Hst:                00000000 00000000 00000000 00000000
00:00:03.906781 Gst: 0000000a/0000  00000000 00000000 00000000 00000000
00:00:03.906784 Hst:                07300403 00000000 00000000 00000603
00:00:03.906786 Gst: 0000000b/0000  00000000 00000001 00000100 00000000
00:00:03.906789 Hst:                00000001 00000002 00000100 00000003
00:00:03.906791 Gst: 0000000b/0001  00000001 00000001 00000201 00000000
00:00:03.906794 Hst:                00000004 00000004 00000201 00000003
00:00:03.906796 Gst: 0000000b/0002  00000000 00000000 00000002 00000000
00:00:03.906799 Hst:                00000000 00000000 00000002 00000003
00:00:03.906802 Gst: 0000000c/0000  00000000 00000000 00000000 00000000
00:00:03.906805 Hst:                00000000 00000000 00000000 00000000
00:00:03.906807 Gst: 0000000d/0000  00000007 00000340 00000340 00000000
00:00:03.906810 Hst:                00000007 00000340 00000340 00000000
00:00:03.906813 Gst: 0000000d/0001  00000000 00000000 00000000 00000000
00:00:03.906816 Hst:                00000001 00000000 00000000 00000000
00:00:03.906818 Gst: 0000000d/0002  00000100 00000240 00000000 00000000
00:00:03.906820 Hst:                00000100 00000240 00000000 00000000
00:00:03.906822 Gst: 0000000d/0003  00000000 00000000 00000000 00000000
00:00:03.906823 Hst:                00000000 00000000 00000000 00000000
00:00:03.906853                                Name: GenuineIntel
00:00:03.906856                            Supports: 0x00000000-0x0000000d
00:00:03.906934                              Family:  6 	Extended: 0 	Effective: 6
00:00:03.906937                               Model: 10 	Extended: 2 	Effective: 42
00:00:03.906940                            Stepping: 7
00:00:03.906943                                Type: 0 (primary)
00:00:03.906945                             APIC ID: 0x00
00:00:03.906948                        Logical CPUs: 0
00:00:03.906951                        CLFLUSH Size: 8
00:00:03.906953                            Brand ID: 0x00
00:00:03.906956 Features
00:00:03.906958   Mnemonic - Description                                  = guest (host)
00:00:03.906959   FPU - x87 FPU on Chip                                   = 1 (1)
00:00:03.906964   VME - Virtual 8086 Mode Enhancements                    = 1 (1)
00:00:03.906968   DE - Debugging extensions                               = 1 (1)
00:00:03.906972   PSE - Page Size Extension                               = 1 (1)
00:00:03.906976   TSC - Time Stamp Counter                                = 1 (1)
00:00:03.906978   MSR - Model Specific Registers                          = 1 (1)
00:00:03.906981   PAE - Physical Address Extension                        = 1 (1)
00:00:03.906983   MCE - Machine Check Exception                           = 1 (1)
00:00:03.906985   CX8 - CMPXCHG8B instruction                             = 1 (1)
00:00:03.906988   APIC - APIC On-Chip                                     = 1 (1)
00:00:03.906991   SEP - SYSENTER and SYSEXIT Present                      = 1 (1)
00:00:03.906993   MTRR - Memory Type Range Registers                      = 1 (1)
00:00:03.906995   PGE - PTE Global Bit                                    = 1 (1)
00:00:03.906998   MCA - Machine Check Architecture                        = 1 (1)
00:00:03.907000   CMOV - Conditional Move instructions                    = 1 (1)
00:00:03.907002   PAT - Page Attribute Table                              = 1 (1)
00:00:03.907004   PSE-36 - 36-bit Page Size Extension                     = 1 (1)
00:00:03.907007   PSN - Processor Serial Number                           = 0 (0)
00:00:03.907009   CLFSH - CLFLUSH instruction                             = 1 (1)
00:00:03.907011   DS - Debug Store                                        = 0 (1)
00:00:03.907014   ACPI - Thermal Mon. & Soft. Clock Ctrl.                 = 0 (1)
00:00:03.907016   MMX - Intel MMX Technology                              = 1 (1)
00:00:03.907018   FXSR - FXSAVE and FXRSTOR instructions                  = 1 (1)
00:00:03.907020   SSE - SSE support                                       = 1 (1)
00:00:03.907023   SSE2 - SSE2 support                                     = 1 (1)
00:00:03.907025   SS - Self Snoop                                         = 0 (1)
00:00:03.907028   HTT - Hyper-Threading Technology                        = 0 (1)
00:00:03.907030   TM - Therm. Monitor                                     = 0 (1)
00:00:03.907033   PBE - Pending Break Enabled                             = 0 (1)
00:00:03.907035   SSE3 - SSE3 support                                     = 1 (1)
00:00:03.907038   PCLMUL - PCLMULQDQ support (for AES-GCM)                = 1 (1)
00:00:03.907040   DTES64 - DS Area 64-bit Layout                          = 0 (1)
00:00:03.907042   MONITOR - MONITOR/MWAIT instructions                    = 1 (1)
00:00:03.907044   CPL-DS - CPL Qualified Debug Store                      = 0 (1)
00:00:03.907046   VMX - Virtual Machine Extensions                        = 0 (1)
00:00:03.907050   SMX - Safer Mode Extensions                             = 0 (0)
00:00:03.907053   EST - Enhanced SpeedStep Technology                     = 0 (1)
00:00:03.907056   TM2 - Terminal Monitor 2                                = 0 (1)
00:00:03.907060   SSSE3 - Supplemental Streaming SIMD Extensions 3        = 1 (1)
00:00:03.907063   CNTX-ID - L1 Context ID                                 = 0 (0)
00:00:03.907067   SDBG - Silicon Debug interface                          = 0 (0)
00:00:03.907070   FMA - Fused Multiply Add extensions                     = 0 (0)
00:00:03.907073   CX16 - CMPXCHG16B instruction                           = 1 (1)
00:00:03.907076   TPRUPDATE - xTPR Update Control                         = 0 (1)
00:00:03.907078   PDCM - Perf/Debug Capability MSR                        = 0 (1)
00:00:03.907080   PCID - Process Context Identifiers                      = 0 (1)
00:00:03.907082   DCA - Direct Cache Access                               = 0 (0)
00:00:03.907085   SSE4_1 - SSE4_1 support                                 = 1 (1)
00:00:03.907087   SSE4_2 - SSE4_2 support                                 = 1 (1)
00:00:03.907090   X2APIC - x2APIC support                                 = 0 (1)
00:00:03.907092   MOVBE - MOVBE instruction                               = 0 (0)
00:00:03.907094   POPCNT - POPCNT instruction                             = 1 (1)
00:00:03.907096   TSCDEADL - Time Stamp Counter Deadline                  = 0 (1)
00:00:03.907099   AES - AES instructions                                  = 0 (0)
00:00:03.907101   XSAVE - XSAVE instruction                               = 1 (1)
00:00:03.907103   OSXSAVE - OSXSAVE instruction                           = 0 (1)
00:00:03.907106   AVX - AVX support                                       = 1 (1)
00:00:03.907108   F16C - 16-bit floating point conversion instructions    = 0 (0)
00:00:03.907110   RDRAND - RDRAND instruction                             = 0 (0)
00:00:03.907112   HVP - Hypervisor Present (we're a guest)                = 0 (0)
00:00:03.907115 Structured Extended Feature Flags Enumeration (leaf 7):
00:00:03.907116   Mnemonic - Description                                  = guest (host)
00:00:03.907152   FSGSBASE - RDFSBASE/RDGSBASE/WRFSBASE/WRGSBASE instr.   = 0 (0)
00:00:03.907154   TSCADJUST - Supports MSR_IA32_TSC_ADJUST                = 0 (0)
00:00:03.907157   SGX - Supports Software Guard Extensions                = 0 (0)
00:00:03.907159   BMI1 - Advanced Bit Manipulation extension 1            = 0 (0)
00:00:03.907161   HLE - Hardware Lock Elision                             = 0 (0)
00:00:03.907163   AVX2 - Advanced Vector Extensions 2                     = 0 (0)
00:00:03.907165   FDP_EXCPTN_ONLY - FPU DP only updated on exceptions     = 0 (0)
00:00:03.907167   SMEP - Supervisor Mode Execution Prevention             = 0 (0)
00:00:03.907169   BMI2 - Advanced Bit Manipulation extension 2            = 0 (0)
00:00:03.907171   ERMS - Enhanced REP MOVSB/STOSB instructions            = 0 (0)
00:00:03.907173   INVPCID - INVPCID instruction                           = 0 (0)
00:00:03.907175   RTM - Restricted Transactional Memory                   = 0 (0)
00:00:03.907177   PQM - Platform Quality of Service Monitoring            = 0 (0)
00:00:03.907179   DEPFPU_CS_DS - Deprecates FPU CS, FPU DS values if set  = 0 (0)
00:00:03.907180   MPE - Intel Memory Protection Extensions                = 0 (0)
00:00:03.907182   PQE - Platform Quality of Service Enforcement           = 0 (0)
00:00:03.907184   AVX512F - AVX512 Foundation instructions                = 0 (0)
00:00:03.907186   RDSEED - RDSEED instruction                             = 0 (0)
00:00:03.907188   ADX - ADCX/ADOX instructions                            = 0 (0)
00:00:03.907191   SMAP - Supervisor Mode Access Prevention                = 0 (0)
00:00:03.907193   CLFLUSHOPT - CLFLUSHOPT (Cache Line Flush) instruction  = 0 (0)
00:00:03.907194   INTEL_PT - Intel Processor Trace                        = 0 (0)
00:00:03.907197   AVX512PF - AVX512 Prefetch instructions                 = 0 (0)
00:00:03.907199   AVX512ER - AVX512 Exponential & Reciprocal instructions = 0 (0)
00:00:03.907200   AVX512CD - AVX512 Conflict Detection instructions       = 0 (0)
00:00:03.907202   SHA - Secure Hash Algorithm extensions                  = 0 (0)
00:00:03.907204   PREFETCHWT1 - PREFETCHWT1 instruction                   = 0 (0)
00:00:03.907206   PKU - Protection Key for Usermode pages                 = 0 (0)
00:00:03.907208   OSPKU - CR4.PKU mirror                                  = 0 (0)
00:00:03.907211 Processor Extended State Enumeration (leaf 0xd):
00:00:03.907212    XSAVE area cur/max size by XCR0, guest: 0x340/0x340
00:00:03.907214     XSAVE area cur/max size by XCR0, host: 0x340/0x340
00:00:03.907216                    Valid XCR0 bits, guest: 0x00000000`00000007 ( x87 SSE YMM_Hi128 )
00:00:03.907220                     Valid XCR0 bits, host: 0x00000000`00000007 ( x87 SSE YMM_Hi128 )
00:00:03.907224                     XSAVE features, guest:
00:00:03.907225                      XSAVE features, host: XSAVEOPT
00:00:03.907227       XSAVE area cur size XCR0|XSS, guest: 0x0
00:00:03.907229        XSAVE area cur size XCR0|XSS, host: 0x0
00:00:03.907230                Valid IA32_XSS bits, guest: 0x00000000`00000000
00:00:03.907232                 Valid IA32_XSS bits, host: 0x00000000`00000000
00:00:03.907234   State #2, guest: off=0x0240, cb=0x0100 IA32_XSS-bit -- YMM_Hi128
00:00:03.907238   State #2, host:  off=0x0240, cb=0x0100 IA32_XSS-bit -- YMM_Hi128
00:00:03.907255          Raw Extended CPUID Leaves
00:00:03.907256      Leaf/sub-leaf  eax      ebx      ecx      edx
00:00:03.907257 Gst: 80000000/0000  80000008 00000000 00000000 00000000
00:00:03.907259 Hst:                80000008 00000000 00000000 00000000
00:00:03.907261 Gst: 80000001/0000  00000000 00000000 00000001 28100800
00:00:03.907263 Hst:                00000000 00000000 00000001 28100800
00:00:03.907266 Gst: 80000002/0000  20202020 49202020 6c65746e 20295228
00:00:03.907269 Hst:                20202020 49202020 6c65746e 20295228
00:00:03.907271 Gst: 80000003/0000  65726f43 294d5428 2d336920 35363332
00:00:03.907274 Hst:                65726f43 294d5428 2d336920 35363332
00:00:03.907276 Gst: 80000004/0000  5043204d 20402055 30342e31 007a4847
00:00:03.907279 Hst:                5043204d 20402055 30342e31 007a4847
00:00:03.907281 Gst: 80000005/0000  00000000 00000000 00000000 00000000
00:00:03.907283 Hst:                00000000 00000000 00000000 00000000
00:00:03.907285 Gst: 80000006/0000  00000000 00000000 01006040 00000000
00:00:03.907287 Hst:                00000000 00000000 01006040 00000000
00:00:03.907289 Gst: 80000007/0000  00000000 00000000 00000000 00000100
00:00:03.907291 Hst:                00000000 00000000 00000000 00000100
00:00:03.907292 Gst: 80000008/0000  00003024 00000000 00000000 00000000
00:00:03.907294 Hst:                00003024 00000000 00000000 00000000
00:00:03.907296 Ext Name:                        
00:00:03.907297 Ext Supports:                    0x80000000-0x80000008
00:00:03.907330 Family:                          0  	Extended: 0 	Effective: 0
00:00:03.907332 Model:                           0  	Extended: 0 	Effective: 0
00:00:03.907333 Stepping:                        0
00:00:03.907334 Brand ID:                        0x000
00:00:03.907335 Ext Features
00:00:03.907336   Mnemonic - Description                                  = guest (host)
00:00:03.907337   FPU - x87 FPU on Chip                                   = 0 (0)
00:00:03.907340   VME - Virtual 8086 Mode Enhancements                    = 0 (0)
00:00:03.907342   DE - Debugging extensions                               = 0 (0)
00:00:03.907344   PSE - Page Size Extension                               = 0 (0)
00:00:03.907347   TSC - Time Stamp Counter                                = 0 (0)
00:00:03.907349   MSR - K86 Model Specific Registers                      = 0 (0)
00:00:03.907351   PAE - Physical Address Extension                        = 0 (0)
00:00:03.907353   MCE - Machine Check Exception                           = 0 (0)
00:00:03.907356   CX8 - CMPXCHG8B instruction                             = 0 (0)
00:00:03.907358   APIC - APIC On-Chip                                     = 0 (0)
00:00:03.907360   SEP - SYSCALL/SYSRET                                    = 1 (1)
00:00:03.907363   MTRR - Memory Type Range Registers                      = 0 (0)
00:00:03.907365   PGE - PTE Global Bit                                    = 0 (0)
00:00:03.907367   MCA - Machine Check Architecture                        = 0 (0)
00:00:03.907369   CMOV - Conditional Move instructions                    = 0 (0)
00:00:03.907372   PAT - Page Attribute Table                              = 0 (0)
00:00:03.907374   PSE-36 - 36-bit Page Size Extension                     = 0 (0)
00:00:03.907376   NX - No-Execute/Execute-Disable                         = 1 (1)
00:00:03.907378   AXMMX - AMD Extensions to MMX instructions              = 0 (0)
00:00:03.907380   MMX - Intel MMX Technology                              = 0 (0)
00:00:03.907382   FXSR - FXSAVE and FXRSTOR Instructions                  = 0 (0)
00:00:03.907384   FFXSR - AMD fast FXSAVE and FXRSTOR instructions        = 0 (0)
00:00:03.907386   Page1GB - 1 GB large page                               = 0 (0)
00:00:03.907389   RDTSCP - RDTSCP instruction                             = 1 (1)
00:00:03.907391   LM - AMD64 Long Mode                                    = 1 (1)
00:00:03.907393   3DNOWEXT - AMD Extensions to 3DNow                      = 0 (0)
00:00:03.907395   3DNOW - AMD 3DNow                                       = 0 (0)
00:00:03.907398   LahfSahf - LAHF/SAHF support in 64-bit mode             = 1 (1)
00:00:03.907400   CmpLegacy - Core multi-processing legacy mode           = 0 (0)
00:00:03.907403   SVM - AMD VM extensions                                 = 0 (0)
00:00:03.907406   EXTAPIC - AMD Extended APIC registers                   = 0 (0)
00:00:03.907409   CR8L - AMD LOCK MOV CR0 means MOV CR8                   = 0 (0)
00:00:03.907412   ABM - AMD Advanced Bit Manipulation                     = 0 (0)
00:00:03.907416   SSE4A - SSE4A instructions                              = 0 (0)
00:00:03.907419   MISALIGNSSE - AMD Misaligned SSE mode                   = 0 (0)
00:00:03.907423   3DNOWPRF - AMD PREFETCH and PREFETCHW instructions      = 0 (0)
00:00:03.907426   OSVW - AMD OS Visible Workaround                        = 0 (0)
00:00:03.907429   IBS - Instruct Based Sampling                           = 0 (0)
00:00:03.907433   XOP - Extended Operation support                        = 0 (0)
00:00:03.907437   SKINIT - SKINIT, STGI, and DEV support                  = 0 (0)
00:00:03.907449   WDT - AMD Watchdog Timer support                        = 0 (0)
00:00:03.907453   LWP - Lightweight Profiling support                     = 0 (0)
00:00:03.907456   FMA4 - Four operand FMA instruction support             = 0 (0)
00:00:03.907459   NodeId - NodeId in MSR C001_100C                        = 0 (0)
00:00:03.907462   TBM - Trailing Bit Manipulation instructions            = 0 (0)
00:00:03.907465   TOPOEXT - Topology Extensions                           = 0 (0)
00:00:03.907469 Full Name:                       "       Intel(R) Core(TM) i3-2365M CPU @ 1.40GHz"
00:00:03.907471 TLB 2/4M Instr/Uni:              res0     0 entries
00:00:03.907472 TLB 2/4M Data:                   res0     0 entries
00:00:03.907474 TLB 4K Instr/Uni:                res0     0 entries
00:00:03.907476 TLB 4K Data:                     res0     0 entries
00:00:03.907478 L1 Instr Cache Line Size:        0 bytes
00:00:03.907479 L1 Instr Cache Lines Per Tag:    0
00:00:03.907480 L1 Instr Cache Associativity:    res0  
00:00:03.907482 L1 Instr Cache Size:             0 KB
00:00:03.907483 L1 Data Cache Line Size:         0 bytes
00:00:03.907485 L1 Data Cache Lines Per Tag:     0
00:00:03.907486 L1 Data Cache Associativity:     res0  
00:00:03.907487 L1 Data Cache Size:              0 KB
00:00:03.907489 L2 TLB 2/4M Instr/Uni:           off       0 entries
00:00:03.907491 L2 TLB 2/4M Data:                off       0 entries
00:00:03.907493 L2 TLB 4K Instr/Uni:             off       0 entries
00:00:03.907494 L2 TLB 4K Data:                  off       0 entries
00:00:03.907496 L2 Cache Line Size:              0 bytes
00:00:03.907497 L2 Cache Lines Per Tag:          0
00:00:03.907498 L2 Cache Associativity:          off   
00:00:03.907498 L2 Cache Size:                   0 KB
00:00:03.907500 APM Features:                    TscInvariant
00:00:03.907501 Host Invariant-TSC support:      true 
00:00:03.907503 Physical Address Width:          36 bits
00:00:03.907504 Virtual Address Width:           48 bits
00:00:03.907505 Guest Physical Address Width:    0 bits
00:00:03.907506 Physical Core Count:             1
00:00:03.907508 
00:00:03.907509 ******************** End of CPUID dump **********************
00:00:03.964748 PcBios: SATA LUN#0 LCHS=1024/255/63
00:00:03.964796 APIC: fPostedIntrsEnabled=false fVirtApicRegsEnabled=false fSupportsTscDeadline=false
00:00:03.964818 VMEmt: Halt method global1 (5)
00:00:03.964897 VMEmt: HaltedGlobal1 config: cNsSpinBlockThresholdCfg=50000
00:00:03.964967 Changing the VM state from 'CREATING' to 'CREATED'
00:00:03.966293 SharedFolders host service: Adding host mapping
00:00:03.966318     Host path '\\?\E:\Working\MongoDB\MongoDB University\2016\M233 Getting Started with Spark and MongoDB\Units\Spark and MongoDB\1 Welcome, prerequisites, and setting up your learning environment\Vagrantfile', map name 'vagrant', writable, automount=false, create_symlinks=true, missing=false
00:00:03.966576 Changing the VM state from 'CREATED' to 'POWERING_ON'
00:00:03.966836 Changing the VM state from 'POWERING_ON' to 'RUNNING'
00:00:03.966865 Console: Machine state changed to 'Running'
00:00:03.978491 VMMDev: Guest Log: BIOS: VirtualBox 5.1.14
00:00:03.982003 PIT: mode=2 count=0x10000 (65536) - 18.20 Hz (ch=0)
00:00:03.993761 Display::handleDisplayResize: uScreenId=0 pvVRAM=0000000000000000 w=720 h=400 bpp=0 cbLine=0x0 flags=0x1
00:00:04.034972 AHCI#0: Reset the HBA
00:00:04.035143 AHCI#0: Port 0 reset
00:00:04.037076 VMMDev: Guest Log: BIOS: AHCI 0-P#0: PCHS=16383/16/63 LCHS=1024/255/63 0x0000000005000000 sectors
00:00:04.039130 PIT: mode=2 count=0x48d3 (18643) - 64.00 Hz (ch=0)
00:00:04.058224 Display::handleDisplayResize: uScreenId=0 pvVRAM=000000000b800000 w=640 h=480 bpp=32 cbLine=0xA00 flags=0x1
00:00:06.520468 Display::handleDisplayResize: uScreenId=0 pvVRAM=0000000000000000 w=720 h=400 bpp=0 cbLine=0x0 flags=0x1
00:00:06.537969 PIT: mode=2 count=0x10000 (65536) - 18.20 Hz (ch=0)
00:00:06.538731 VMMDev: Guest Log: BIOS: Boot : bseqnr=1, bootseq=0002
00:00:06.584052 VMMDev: Guest Log: BIOS: Booting from Hard Disk...
00:00:07.951782 NAT: Old socket recv size: 64KB
00:00:07.959504 NAT: Old socket send size: 64KB
00:00:09.316184 PIT: mode=2 count=0x12a5 (4773) - 249.98 Hz (ch=0)
00:00:09.744226 PIT: mode=0 count=0x10000 (65536) - 18.20 Hz (ch=0)
00:00:10.726237 AHCI#0: Reset the HBA
00:00:10.749803 AHCI#0: Port 0 reset
00:00:13.237720 NAT: Link up
00:00:21.476580 VMMDev: Guest Additions information report: Version 4.3.36 r105129 '4.3.36_Ubuntu'
00:00:21.476722 VMMDev: Guest Additions information report: Interface = 0x00010004 osType = 0x00053100 (Linux >= 2.6, 64-bit)
00:00:21.477013 VMMDev: Guest Additions capability report: (0x0 -> 0x0) seamless: no, hostWindowMapping: no, graphics: no
00:00:21.477322 VMMDev: Guest reported fixed hypervisor window at 00001800000 LB 0x3400000 (rc=VINF_SUCCESS)
00:00:21.487258 VMMDev: Guest Log: vboxguest: misc device minor 57, IRQ 20, I/O port d020, MMIO at 00000000f0400000 (size 0x400000)
00:00:23.378657 NAT: IPv6 not supported
00:00:23.396667 NAT: DHCP offered IP address 10.0.2.15
00:00:23.398386 NAT: DHCP offered IP address 10.0.2.15
00:00:29.864540 VMMDev: Guest Log: VBoxService 4.3.36_Ubuntu r105129 (verbosity: 0) linux.amd64 (Jan 27 2016 11:57:44) release log
00:00:29.864576 VMMDev: Guest Log: 00:00:00.000305 main     Log opened 2017-03-26T12:53:10.748767000Z
00:00:29.869642 VMMDev: Guest Log: 00:00:00.005962 main     OS Product: Linux
00:00:29.869798 VMMDev: Guest Log: 00:00:00.006156 main     OS Release: 3.13.0-113-generic
00:00:29.869928 VMMDev: Guest Log: 00:00:00.006286 main     OS Version: #160-Ubuntu SMP Thu Mar 9 09:27:29 UTC 2017
00:00:29.873929 VMMDev: Guest Log: 00:00:00.010245 main     OS Service Pack: #160-Ubuntu SMP Thu Mar 9 09:27:29 UTC 2017
00:00:29.874328 VMMDev: Guest Log: 00:00:00.010649 main     Executable: /usr/sbin/VBoxService
00:00:29.874352 VMMDev: Guest Log: 00:00:00.010654 main     Process ID: 1056
00:00:29.874366 VMMDev: Guest Log: 00:00:00.010656 main     Package type: LINUX_64BITS_GENERIC (OSE)
00:00:29.890771 VMMDev: Guest Log: 00:00:00.026735 main     4.3.36_Ubuntu r105129 started. Verbose level = 0
